Using pre-set license
Built from '2022.3/staging' branch; Version is '2022.3.45f1 (a13dfa44d684) revision 10567162'; Using compiler version '192829333'; Build Type 'Release'
OS: 'Windows 11  (10.0.26120) 64bit Professional' Language: 'en' Physical Memory: 32452 MB
BatchMode: 1, IsHumanControllingUs: 0, StartBugReporterOnCrash: 0, Is64bit: 1, IsPro: 1

COMMAND LINE ARGUMENTS:
C:\Program Files\Unity\Hub\Editor\2022.3.45f1\Editor\Unity.exe
-adb2
-batchMode
-noUpm
-name
AssetImportWorker9
-projectPath
D:/Rahul Unity/Rahul_Dev/VR Paraglider Game/Romi Demo
-logFile
Logs/AssetImportWorker9.log
-srvPort
51025
Successfully changed project path to: D:/Rahul Unity/Rahul_Dev/VR Paraglider Game/Romi Demo
D:/Rahul Unity/Rahul_Dev/VR Paraglider Game/Romi Demo
[UnityMemory] Configuration Parameters - Can be set up in boot.config
    "memorysetup-bucket-allocator-granularity=16"
    "memorysetup-bucket-allocator-bucket-count=8"
    "memorysetup-bucket-allocator-block-size=33554432"
    "memorysetup-bucket-allocator-block-count=8"
    "memorysetup-main-allocator-block-size=16777216"
    "memorysetup-thread-allocator-block-size=16777216"
    "memorysetup-gfx-main-allocator-block-size=16777216"
    "memorysetup-gfx-thread-allocator-block-size=16777216"
    "memorysetup-cache-allocator-block-size=4194304"
    "memorysetup-typetree-allocator-block-size=2097152"
    "memorysetup-profiler-bucket-allocator-granularity=16"
    "memorysetup-profiler-bucket-allocator-bucket-count=8"
    "memorysetup-profiler-bucket-allocator-block-size=33554432"
    "memorysetup-profiler-bucket-allocator-block-count=8"
    "memorysetup-profiler-allocator-block-size=16777216"
    "memorysetup-profiler-editor-allocator-block-size=1048576"
    "memorysetup-temp-allocator-size-main=16777216"
    "memorysetup-job-temp-allocator-block-size=2097152"
    "memorysetup-job-temp-allocator-block-size-background=1048576"
    "memorysetup-job-temp-allocator-reduction-small-platforms=262144"
    "memorysetup-allocator-temp-initial-block-size-main=262144"
    "memorysetup-allocator-temp-initial-block-size-worker=262144"
    "memorysetup-temp-allocator-size-background-worker=32768"
    "memorysetup-temp-allocator-size-job-worker=262144"
    "memorysetup-temp-allocator-size-preload-manager=33554432"
    "memorysetup-temp-allocator-size-nav-mesh-worker=65536"
    "memorysetup-temp-allocator-size-audio-worker=65536"
    "memorysetup-temp-allocator-size-cloud-worker=32768"
    "memorysetup-temp-allocator-size-gi-baking-worker=262144"
    "memorysetup-temp-allocator-size-gfx=262144"
Player connection [34576]  Target information:

Player connection [34576]  * "[IP] 172.28.64.1 [Port] 0 [Flags] 2 [Guid] 1554929866 [EditorId] 1554929866 [Version] 1048832 [Id] WindowsEditor(7,DESKTOP-FD0IUGJ) [Debug] 1 [PackageName] WindowsEditor [ProjectName] Editor" 

Player connection [34576]  * "[IP] 192.168.1.4 [Port] 0 [Flags] 2 [Guid] 1554929866 [EditorId] 1554929866 [Version] 1048832 [Id] WindowsEditor(7,DESKTOP-FD0IUGJ) [Debug] 1 [PackageName] WindowsEditor [ProjectName] Editor" 

Unable to join player connection multicast group (err: 10013).
Player connection [34576] Host joined alternative multi-casting on [225.0.0.222:34997]...
[PhysX] Initialized MultithreadedTaskDispatcher with 20 workers.
Refreshing native plugins compatible for Editor in 8.91 ms, found 9 plugins.
Preloading 2 native plugins for Editor in 3.34 ms.
Initialize engine version: 2022.3.45f1 (a13dfa44d684)
[Subsystems] Discovering subsystems at path C:/Program Files/Unity/Hub/Editor/2022.3.45f1/Editor/Data/Resources/UnitySubsystems
[Subsystems] Discovering subsystems at path D:/Rahul Unity/Rahul_Dev/VR Paraglider Game/Romi Demo/Assets
GfxDevice: creating device client; threaded=0; jobified=0
Direct3D:
    Version:  Direct3D 11.0 [level 11.1]
    Renderer: NVIDIA GeForce RTX 3060 Laptop GPU (ID=0x2560)
    Vendor:   NVIDIA
    VRAM:     5996 MB
    Driver:   32.0.15.6635
Shader 'Oculus/OVRMRCameraFrameLit': fallback shader 'Alpha-Diffuse' not found
Initialize mono
Mono path[0] = 'C:/Program Files/Unity/Hub/Editor/2022.3.45f1/Editor/Data/Managed'
Mono path[1] = 'C:/Program Files/Unity/Hub/Editor/2022.3.45f1/Editor/Data/MonoBleedingEdge/lib/mono/unityjit-win32'
Mono config path = 'C:/Program Files/Unity/Hub/Editor/2022.3.45f1/Editor/Data/MonoBleedingEdge/etc'
Using monoOptions --debugger-agent=transport=dt_socket,embedding=1,server=y,suspend=n,address=127.0.0.1:56284
Begin MonoManager ReloadAssembly
Registering precompiled unity dll's ...
Register platform support module: C:/Program Files/Unity/Hub/Editor/2022.3.45f1/Editor/Data/PlaybackEngines/WebGLSupport/UnityEditor.WebGL.Extensions.dll
Register platform support module: C:/Program Files/Unity/Hub/Editor/2022.3.45f1/Editor/Data/PlaybackEngines/AndroidPlayer/UnityEditor.Android.Extensions.dll
Register platform support module: C:/Program Files/Unity/Hub/Editor/2022.3.45f1/Editor/Data/PlaybackEngines/WindowsStandaloneSupport/UnityEditor.WindowsStandalone.Extensions.dll
Register platform support module: C:/Program Files/Unity/Hub/Editor/2022.3.45f1/Editor/Data/PlaybackEngines/MetroSupport/UnityEditor.UWP.Extensions.dll
Registered in 0.012774 seconds.
- Loaded All Assemblies, in  0.438 seconds
Native extension for UWP target not found
Native extension for WindowsStandalone target not found
Native extension for Android target not found
Android Extension - Scanning For ADB Devices 272 ms
Native extension for WebGL target not found
Mono: successfully reloaded assembly
- Finished resetting the current domain, in  0.570 seconds
Domain Reload Profiling: 1006ms
	BeginReloadAssembly (117ms)
		ExecutionOrderSort (0ms)
		DisableScriptedObjects (0ms)
		BackupInstance (0ms)
		ReleaseScriptingObjects (0ms)
		CreateAndSetChildDomain (1ms)
	RebuildCommonClasses (37ms)
	RebuildNativeTypeToScriptingClass (12ms)
	initialDomainReloadingComplete (69ms)
	LoadAllAssembliesAndSetupDomain (202ms)
		LoadAssemblies (116ms)
		RebuildTransferFunctionScriptingTraits (0ms)
		AnalyzeDomain (199ms)
			TypeCache.Refresh (196ms)
				TypeCache.ScanAssembly (179ms)
			ScanForSourceGeneratedMonoScriptInfo (1ms)
			ResolveRequiredComponents (1ms)
	FinalizeReload (570ms)
		ReleaseScriptCaches (0ms)
		RebuildScriptCaches (0ms)
		SetupLoadedEditorAssemblies (524ms)
			LogAssemblyErrors (0ms)
			InitializePlatformSupportModulesInManaged (366ms)
			SetLoadedEditorAssemblies (4ms)
			RefreshPlugins (0ms)
			BeforeProcessingInitializeOnLoad (2ms)
			ProcessInitializeOnLoadAttributes (109ms)
			ProcessInitializeOnLoadMethodAttributes (43ms)
			AfterProcessingInitializeOnLoad (0ms)
			EditorAssembliesLoaded (0ms)
		ExecutionOrderSort2 (0ms)
		AwakeInstancesAfterBackupRestoration (0ms)
========================================================================
Worker process is ready to serve import requests
Caller must complete domain reload
Begin MonoManager ReloadAssembly
- Loaded All Assemblies, in  0.597 seconds
Native extension for UWP target not found
Native extension for WindowsStandalone target not found
Native extension for Android target not found
Native extension for WebGL target not found
Package Manager log level set to [2]
[Package Manager] Server::EnsureServerProcessIsRunning -- launch failed, reason: Unity was launched with the -noUpm command-line argument
[Package Manager] UpmClient::Send -- Unable to send message (not connected to UPM process).
[Package Manager] Cannot connect to Unity Package Manager local server
[XR] OculusXRPlugin: registering subsystems
[XR] Unable to register display lifecyle provider: [1]
[XR] Oculus Input lifecycle provider registered.
[XR] Unable to register input lifecyle provider: [1]
[XR] OVRP version 1.89.1
Mono: successfully reloaded assembly
[Package Manager] Server::EnsureServerProcessIsRunning -- launch failed, reason: Unity was launched with the -noUpm command-line argument
[Package Manager] UpmClient::Send -- Unable to send message (not connected to UPM process).
[Package Manager] Cannot connect to Unity Package Manager local server
[Package Manager] Server::EnsureServerProcessIsRunning -- launch failed, reason: Unity was launched with the -noUpm command-line argument
[Package Manager] UpmClient::Send -- Unable to send message (not connected to UPM process).
[Package Manager] Cannot connect to Unity Package Manager local server
- Finished resetting the current domain, in  0.566 seconds
Domain Reload Profiling: 1162ms
	BeginReloadAssembly (128ms)
		ExecutionOrderSort (0ms)
		DisableScriptedObjects (4ms)
		BackupInstance (0ms)
		ReleaseScriptingObjects (0ms)
		CreateAndSetChildDomain (24ms)
	RebuildCommonClasses (30ms)
	RebuildNativeTypeToScriptingClass (8ms)
	initialDomainReloadingComplete (31ms)
	LoadAllAssembliesAndSetupDomain (398ms)
		LoadAssemblies (258ms)
		RebuildTransferFunctionScriptingTraits (0ms)
		AnalyzeDomain (211ms)
			TypeCache.Refresh (173ms)
				TypeCache.ScanAssembly (155ms)
			ScanForSourceGeneratedMonoScriptInfo (24ms)
			ResolveRequiredComponents (13ms)
	FinalizeReload (567ms)
		ReleaseScriptCaches (0ms)
		RebuildScriptCaches (0ms)
		SetupLoadedEditorAssemblies (412ms)
			LogAssemblyErrors (0ms)
			InitializePlatformSupportModulesInManaged (15ms)
			SetLoadedEditorAssemblies (4ms)
			RefreshPlugins (0ms)
			BeforeProcessingInitializeOnLoad (59ms)
			ProcessInitializeOnLoadAttributes (302ms)
			ProcessInitializeOnLoadMethodAttributes (28ms)
			AfterProcessingInitializeOnLoad (4ms)
			EditorAssembliesLoaded (0ms)
		ExecutionOrderSort2 (0ms)
		AwakeInstancesAfterBackupRestoration (6ms)
Shader 'Oculus/OVRMRCameraFrameLit': fallback shader 'Alpha-Diffuse' not found
Launched and connected shader compiler UnityShaderCompiler.exe after 0.05 seconds
Refreshing native plugins compatible for Editor in 8.00 ms, found 9 plugins.
Preloading 2 native plugins for Editor in 0.13 ms.
Unloading 5205 Unused Serialized files (Serialized files now loaded: 0)
Unloading 69 unused Assets / (408.2 KB). Loaded Objects now: 5662.
Memory consumption went from 235.6 MB to 235.2 MB.
Total: 3.481100 ms (FindLiveObjects: 0.319600 ms CreateObjectMapping: 0.177600 ms MarkObjects: 2.774500 ms  DeleteObjects: 0.207800 ms)

AssetImportParameters requested are different than current active one (requested -> active):
  custom:container-demuxer-ogg: 62fdf1f143b41e24485cea50d1cbac27 -> 
  custom:video-decoder-ogg-theora: a1e56fd34408186e4bbccfd4996cb3dc -> 
  custom:framework-win-MediaFoundation: 216162199b28c13a410421893ffa2e32 -> 
  custom:CustomObjectIndexerAttribute: 9a22284fe3817be447336de3de66b15e -> 
  custom:container-demuxer-webm: 4f35f7cbe854078d1ac9338744f61a02 -> 
  custom:container-muxer-webm: aa71ff27fc2769a1b78a27578f13a17b -> 
  custom:video-decoder-webm-vp8: 9c59270c3fd7afecdb556c50c9e8de78 -> 
  custom:SearchIndexIgnoredProperties: e643bd26f0fe6173181afceb89e7c659 -> 
  custom:AudioImporter_EditorPlatform: d09bf68614088b80899f8185d706f6e7 -> 
  custom:video-encoder-webm-vp8: eb34c28f22e8b96e1ab97ce403110664 -> 
  custom:audio-decoder-ogg-vorbis: bf7c407c2cedff20999df2af8eb42d56 -> 
  custom:audio-encoder-webm-vorbis: bf7c407c2cedff20999df2af8eb42d56 -> 
========================================================================
Received Import Request.
  Time since last request: 7523.534284 seconds.
  path: Assets/MilitaryProps/Materials/MetalRaw.mat
  artifactKey: Guid(d3bb1c83b57d9c04693c73dff47322b4) Importer(815301076,1909f56bfc062723c751e8b465ee728b)
Start importing Assets/MilitaryProps/Materials/MetalRaw.mat using Guid(d3bb1c83b57d9c04693c73dff47322b4) Importer(815301076,1909f56bfc062723c751e8b465ee728b) [PhysX] Initialized MultithreadedTaskDispatcher with 20 workers.
[PhysX] Initialized MultithreadedTaskDispatcher with 20 workers.
 -> (artifact id: '2f9f8b0201be434011e90bd86abea14a') in 0.273792 seconds
Number of updated asset objects reloaded before import = 0
Number of asset objects unloaded after import = 4
========================================================================
Received Import Request.
  Time since last request: 3.733180 seconds.
  path: Assets/3D Models/ClassRoom/Material.004.mat
  artifactKey: Guid(8ef3e73bd7c1ac2449a2c1027953a461) Importer(815301076,1909f56bfc062723c751e8b465ee728b)
Start importing Assets/3D Models/ClassRoom/Material.004.mat using Guid(8ef3e73bd7c1ac2449a2c1027953a461) Importer(815301076,1909f56bfc062723c751e8b465ee728b) [PhysX] Initialized MultithreadedTaskDispatcher with 20 workers.
[PhysX] Initialized MultithreadedTaskDispatcher with 20 workers.
 -> (artifact id: 'e2bda62446a0e7a06f6fb178ec5947e8') in 0.063049 seconds
Number of updated asset objects reloaded before import = 0
Number of asset objects unloaded after import = 4
========================================================================
Received Import Request.
  Time since last request: 0.046341 seconds.
  path: Assets/3D Models/NewMines/m14/Materials/Material.002.mat
  artifactKey: Guid(90f57c2ca45b5ea42a8ea26a9f623f3d) Importer(815301076,1909f56bfc062723c751e8b465ee728b)
Start importing Assets/3D Models/NewMines/m14/Materials/Material.002.mat using Guid(90f57c2ca45b5ea42a8ea26a9f623f3d) Importer(815301076,1909f56bfc062723c751e8b465ee728b) [PhysX] Initialized MultithreadedTaskDispatcher with 20 workers.
[PhysX] Initialized MultithreadedTaskDispatcher with 20 workers.
 -> (artifact id: '4b396ca067cc5b53396fa0f15cd5a3a8') in 0.013844 seconds
Number of updated asset objects reloaded before import = 0
Number of asset objects unloaded after import = 1
========================================================================
Received Import Request.
  Time since last request: 0.081437 seconds.
  path: Assets/Oculus/SampleFramework/Usage/Locomotion/Materials/MAT_metal_01.mat
  artifactKey: Guid(6fa48c2a126d0d74e8bb671b62e8cb1b) Importer(815301076,1909f56bfc062723c751e8b465ee728b)
Start importing Assets/Oculus/SampleFramework/Usage/Locomotion/Materials/MAT_metal_01.mat using Guid(6fa48c2a126d0d74e8bb671b62e8cb1b) Importer(815301076,1909f56bfc062723c751e8b465ee728b) [PhysX] Initialized MultithreadedTaskDispatcher with 20 workers.
[PhysX] Initialized MultithreadedTaskDispatcher with 20 workers.
 -> (artifact id: '24eccafd9ed0f99852dc4db36e4e5a3a') in 0.180726 seconds
Number of updated asset objects reloaded before import = 0
Number of asset objects unloaded after import = 4
========================================================================
Received Import Request.
  Time since last request: 1.549577 seconds.
  path: Assets/Oculus/SampleFramework/Usage/Locomotion/Materials/MAT_floor_wood_01.mat
  artifactKey: Guid(5d1946ce7cee747e6aa39a6ea4350e11) Importer(815301076,1909f56bfc062723c751e8b465ee728b)
Start importing Assets/Oculus/SampleFramework/Usage/Locomotion/Materials/MAT_floor_wood_01.mat using Guid(5d1946ce7cee747e6aa39a6ea4350e11) Importer(815301076,1909f56bfc062723c751e8b465ee728b) [PhysX] Initialized MultithreadedTaskDispatcher with 20 workers.
[PhysX] Initialized MultithreadedTaskDispatcher with 20 workers.
 -> (artifact id: 'b76f7a838be719233bedf2499ddd412d') in 0.175820 seconds
Number of updated asset objects reloaded before import = 0
Number of asset objects unloaded after import = 4
========================================================================
Received Import Request.
  Time since last request: 0.000029 seconds.
  path: Assets/Oculus/Interaction/Samples/Objects/Props/MapWithPins/Materials/MapMat.fbx
  artifactKey: Guid(d2b4ebc04cf7f2e4793d4daa58bcdcd7) Importer(815301076,1909f56bfc062723c751e8b465ee728b)
Start importing Assets/Oculus/Interaction/Samples/Objects/Props/MapWithPins/Materials/MapMat.fbx using Guid(d2b4ebc04cf7f2e4793d4daa58bcdcd7) Importer(815301076,1909f56bfc062723c751e8b465ee728b) [PhysX] Initialized MultithreadedTaskDispatcher with 20 workers.
[PhysX] Initialized MultithreadedTaskDispatcher with 20 workers.
[PhysX] Initialized MultithreadedTaskDispatcher with 20 workers.
[PhysX] Initialized MultithreadedTaskDispatcher with 20 workers.
 -> (artifact id: '57295cf976c2a5ab5faaf8cb835862ad') in 0.074399 seconds
Number of updated asset objects reloaded before import = 0
Number of asset objects unloaded after import = 9
========================================================================
Received Import Request.
  Time since last request: 0.373527 seconds.
  path: Assets/Vefects/Free Fire VFX/Materials/M_VFX_Smoke_01.mat
  artifactKey: Guid(1f96ba7a3c3ef3540b8dda1c860d8409) Importer(815301076,1909f56bfc062723c751e8b465ee728b)
Start importing Assets/Vefects/Free Fire VFX/Materials/M_VFX_Smoke_01.mat using Guid(1f96ba7a3c3ef3540b8dda1c860d8409) Importer(815301076,1909f56bfc062723c751e8b465ee728b) [PhysX] Initialized MultithreadedTaskDispatcher with 20 workers.
[PhysX] Initialized MultithreadedTaskDispatcher with 20 workers.
 -> (artifact id: 'ec8c60a8abc16399027b3fe19ea4c67c') in 0.036703 seconds
Number of updated asset objects reloaded before import = 0
Number of asset objects unloaded after import = 4
========================================================================
Received Import Request.
  Time since last request: 0.000024 seconds.
  path: Assets/Vefects/Free Fire VFX/Materials/M_VFX_Smoke_02.mat
  artifactKey: Guid(53ffbbcb7f6882840a2ca2de114e4bdf) Importer(815301076,1909f56bfc062723c751e8b465ee728b)
Start importing Assets/Vefects/Free Fire VFX/Materials/M_VFX_Smoke_02.mat using Guid(53ffbbcb7f6882840a2ca2de114e4bdf) Importer(815301076,1909f56bfc062723c751e8b465ee728b) [PhysX] Initialized MultithreadedTaskDispatcher with 20 workers.
[PhysX] Initialized MultithreadedTaskDispatcher with 20 workers.
 -> (artifact id: '3cb2a94f0348b75572dbf55033c5d747') in 0.017830 seconds
Number of updated asset objects reloaded before import = 0
Number of asset objects unloaded after import = 3
========================================================================
Received Import Request.
  Time since last request: 10.451043 seconds.
  path: Assets/Oculus/SampleFramework/Usage/SpatialAnchor/Materials/IconBackground.mat
  artifactKey: Guid(5ec6b1df0a0620b44b46efcf07957ab3) Importer(815301076,1909f56bfc062723c751e8b465ee728b)
Start importing Assets/Oculus/SampleFramework/Usage/SpatialAnchor/Materials/IconBackground.mat using Guid(5ec6b1df0a0620b44b46efcf07957ab3) Importer(815301076,1909f56bfc062723c751e8b465ee728b) [PhysX] Initialized MultithreadedTaskDispatcher with 20 workers.
[PhysX] Initialized MultithreadedTaskDispatcher with 20 workers.
 -> (artifact id: 'b056d5e71cb517382e044363db6f0b5c') in 0.015769 seconds
Number of updated asset objects reloaded before import = 0
Number of asset objects unloaded after import = 1
========================================================================
Received Import Request.
  Time since last request: 0.388645 seconds.
  path: Assets/Hybris Factory/Hazy Hills - Conifer Forest/Demo Resources and PostProcessing/HazyHills_ForestScene_Sky.mat
  artifactKey: Guid(5b27bc7aaaffe114388749a520d0359d) Importer(815301076,1909f56bfc062723c751e8b465ee728b)
Start importing Assets/Hybris Factory/Hazy Hills - Conifer Forest/Demo Resources and PostProcessing/HazyHills_ForestScene_Sky.mat using Guid(5b27bc7aaaffe114388749a520d0359d) Importer(815301076,1909f56bfc062723c751e8b465ee728b) [PhysX] Initialized MultithreadedTaskDispatcher with 20 workers.
[PhysX] Initialized MultithreadedTaskDispatcher with 20 workers.
 -> (artifact id: 'cb255af25772f24f105d53543b8bf485') in 0.021224 seconds
Number of updated asset objects reloaded before import = 0
Number of asset objects unloaded after import = 1
========================================================================
Received Import Request.
  Time since last request: 0.107767 seconds.
  path: Assets/Oculus/SampleFramework/Core/CustomHands/Models/HandMaterial.mat
  artifactKey: Guid(cc8c9e8a516866042b69a6919d0ab885) Importer(815301076,1909f56bfc062723c751e8b465ee728b)
Start importing Assets/Oculus/SampleFramework/Core/CustomHands/Models/HandMaterial.mat using Guid(cc8c9e8a516866042b69a6919d0ab885) Importer(815301076,1909f56bfc062723c751e8b465ee728b) [PhysX] Initialized MultithreadedTaskDispatcher with 20 workers.
[PhysX] Initialized MultithreadedTaskDispatcher with 20 workers.
 -> (artifact id: '020bee85ee4585c81e918feff521e2c6') in 0.022702 seconds
Number of updated asset objects reloaded before import = 0
Number of asset objects unloaded after import = 1
========================================================================
Received Import Request.
  Time since last request: 1.979679 seconds.
  path: Assets/Oculus/SampleFramework/Usage/SceneManager/Materials/Green.mat
  artifactKey: Guid(302477ffe5025c8418b312bcaf88563f) Importer(815301076,1909f56bfc062723c751e8b465ee728b)
Start importing Assets/Oculus/SampleFramework/Usage/SceneManager/Materials/Green.mat using Guid(302477ffe5025c8418b312bcaf88563f) Importer(815301076,1909f56bfc062723c751e8b465ee728b) [PhysX] Initialized MultithreadedTaskDispatcher with 20 workers.
[PhysX] Initialized MultithreadedTaskDispatcher with 20 workers.
 -> (artifact id: '347579ffb597fd7f6cdec75333c0e495') in 0.007113 seconds
Number of updated asset objects reloaded before import = 0
Number of asset objects unloaded after import = 1
========================================================================
Received Import Request.
  Time since last request: 0.382643 seconds.
  path: Assets/Oculus/Interaction/Samples/Scenes/Tools/elevator 01.fbm/elevator 01.fbm/glass.mat
  artifactKey: Guid(2ec17f848e05cfc40aea1229cefc105a) Importer(815301076,1909f56bfc062723c751e8b465ee728b)
Start importing Assets/Oculus/Interaction/Samples/Scenes/Tools/elevator 01.fbm/elevator 01.fbm/glass.mat using Guid(2ec17f848e05cfc40aea1229cefc105a) Importer(815301076,1909f56bfc062723c751e8b465ee728b) [PhysX] Initialized MultithreadedTaskDispatcher with 20 workers.
[PhysX] Initialized MultithreadedTaskDispatcher with 20 workers.
 -> (artifact id: '4378fbc93300371225ecabf111cce328') in 0.014073 seconds
Number of updated asset objects reloaded before import = 0
Number of asset objects unloaded after import = 1
========================================================================
Received Import Request.
  Time since last request: 0.093034 seconds.
  path: Assets/Oculus/Interaction/Samples/Scenes/Tools/elevator 01.fbm/elevator 01.fbm/gate_bleck.mat
  artifactKey: Guid(956aa0e715e442a48be657aa40b1f085) Importer(815301076,1909f56bfc062723c751e8b465ee728b)
Start importing Assets/Oculus/Interaction/Samples/Scenes/Tools/elevator 01.fbm/elevator 01.fbm/gate_bleck.mat using Guid(956aa0e715e442a48be657aa40b1f085) Importer(815301076,1909f56bfc062723c751e8b465ee728b) [PhysX] Initialized MultithreadedTaskDispatcher with 20 workers.
[PhysX] Initialized MultithreadedTaskDispatcher with 20 workers.
 -> (artifact id: 'aad818cb3ed9c2612b7f9861dcb07edf') in 0.014038 seconds
Number of updated asset objects reloaded before import = 0
Number of asset objects unloaded after import = 1
========================================================================
Received Import Request.
  Time since last request: 0.700324 seconds.
  path: Assets/MOUNTAIN_LAKE/Models/Stumps/Materials/Forest_stump_11_diffuse.mat
  artifactKey: Guid(d5e98e1ba2070574dacfa06a1567e771) Importer(815301076,1909f56bfc062723c751e8b465ee728b)
Start importing Assets/MOUNTAIN_LAKE/Models/Stumps/Materials/Forest_stump_11_diffuse.mat using Guid(d5e98e1ba2070574dacfa06a1567e771) Importer(815301076,1909f56bfc062723c751e8b465ee728b) [PhysX] Initialized MultithreadedTaskDispatcher with 20 workers.
[PhysX] Initialized MultithreadedTaskDispatcher with 20 workers.
 -> (artifact id: '94cc27177f6f146fe130f9ac6793f238') in 0.078912 seconds
Number of updated asset objects reloaded before import = 0
Number of asset objects unloaded after import = 4
========================================================================
Received Import Request.
  Time since last request: 0.062427 seconds.
  path: Assets/MOUNTAIN_LAKE/Models/Stumps/Materials/Forest_stump_2_diffuse.mat
  artifactKey: Guid(c04f84a6f5980e54a97f00b1a063d3ea) Importer(815301076,1909f56bfc062723c751e8b465ee728b)
Start importing Assets/MOUNTAIN_LAKE/Models/Stumps/Materials/Forest_stump_2_diffuse.mat using Guid(c04f84a6f5980e54a97f00b1a063d3ea) Importer(815301076,1909f56bfc062723c751e8b465ee728b) [PhysX] Initialized MultithreadedTaskDispatcher with 20 workers.
[PhysX] Initialized MultithreadedTaskDispatcher with 20 workers.
 -> (artifact id: 'c8430bc2edcbc5bee62e8d64cb95e0c0') in 0.089235 seconds
Number of updated asset objects reloaded before import = 0
Number of asset objects unloaded after import = 4
========================================================================
Received Import Request.
  Time since last request: 0.000029 seconds.
  path: Assets/MOUNTAIN_LAKE/Models/Stumps/Materials/Forest_stump_4_diffuse.mat
  artifactKey: Guid(c5428221379b12b45a518288d06a739c) Importer(815301076,1909f56bfc062723c751e8b465ee728b)
Start importing Assets/MOUNTAIN_LAKE/Models/Stumps/Materials/Forest_stump_4_diffuse.mat using Guid(c5428221379b12b45a518288d06a739c) Importer(815301076,1909f56bfc062723c751e8b465ee728b) [PhysX] Initialized MultithreadedTaskDispatcher with 20 workers.
[PhysX] Initialized MultithreadedTaskDispatcher with 20 workers.
 -> (artifact id: '067095a427af360e996d9778780455ca') in 0.076711 seconds
Number of updated asset objects reloaded before import = 0
Number of asset objects unloaded after import = 4
========================================================================
Received Import Request.
  Time since last request: 1.975117 seconds.
  path: Assets/MOUNTAIN_LAKE/Models/Stones/Materials/Forest_stone_16_diffuse.mat
  artifactKey: Guid(fa84e62ca2d1a9748b6317836007a49b) Importer(815301076,1909f56bfc062723c751e8b465ee728b)
Start importing Assets/MOUNTAIN_LAKE/Models/Stones/Materials/Forest_stone_16_diffuse.mat using Guid(fa84e62ca2d1a9748b6317836007a49b) Importer(815301076,1909f56bfc062723c751e8b465ee728b) [PhysX] Initialized MultithreadedTaskDispatcher with 20 workers.
[PhysX] Initialized MultithreadedTaskDispatcher with 20 workers.
 -> (artifact id: 'd35afe0c744658ed1a1a2a9575ce0b91') in 0.093950 seconds
Number of updated asset objects reloaded before import = 0
Number of asset objects unloaded after import = 4
========================================================================
Received Import Request.
  Time since last request: 0.000038 seconds.
  path: Assets/MOUNTAIN_LAKE/Models/Stones/Materials/Forest_stone_17_diffuse.mat
  artifactKey: Guid(6644f53201f4ee54fb38edb3a2f3f289) Importer(815301076,1909f56bfc062723c751e8b465ee728b)
Start importing Assets/MOUNTAIN_LAKE/Models/Stones/Materials/Forest_stone_17_diffuse.mat using Guid(6644f53201f4ee54fb38edb3a2f3f289) Importer(815301076,1909f56bfc062723c751e8b465ee728b) [PhysX] Initialized MultithreadedTaskDispatcher with 20 workers.
[PhysX] Initialized MultithreadedTaskDispatcher with 20 workers.
 -> (artifact id: '214e5274b362c852884c1c0f695953fc') in 0.167539 seconds
Number of updated asset objects reloaded before import = 0
Number of asset objects unloaded after import = 4
========================================================================
Received Import Request.
  Time since last request: 0.000035 seconds.
  path: Assets/MOUNTAIN_LAKE/Models/Stones/Materials/Forest_stone_10_diffuse.mat
  artifactKey: Guid(a0158c90687b48844a15256073e49db7) Importer(815301076,1909f56bfc062723c751e8b465ee728b)
Start importing Assets/MOUNTAIN_LAKE/Models/Stones/Materials/Forest_stone_10_diffuse.mat using Guid(a0158c90687b48844a15256073e49db7) Importer(815301076,1909f56bfc062723c751e8b465ee728b) [PhysX] Initialized MultithreadedTaskDispatcher with 20 workers.
[PhysX] Initialized MultithreadedTaskDispatcher with 20 workers.
 -> (artifact id: '06fe21eab296cfe427a12036ccfc5299') in 0.182646 seconds
Number of updated asset objects reloaded before import = 0
Number of asset objects unloaded after import = 4
========================================================================
Received Import Request.
  Time since last request: 0.000021 seconds.
  path: Assets/Oculus/SampleFramework/Core/DebugUI/Fonts/Montserrat/Montserrat-Light.ttf
  artifactKey: Guid(4c90d3c4d98a33647872e06a6f654f9f) Importer(815301076,1909f56bfc062723c751e8b465ee728b)
Start importing Assets/Oculus/SampleFramework/Core/DebugUI/Fonts/Montserrat/Montserrat-Light.ttf using Guid(4c90d3c4d98a33647872e06a6f654f9f) Importer(815301076,1909f56bfc062723c751e8b465ee728b) [PhysX] Initialized MultithreadedTaskDispatcher with 20 workers.
[PhysX] Initialized MultithreadedTaskDispatcher with 20 workers.
[PhysX] Initialized MultithreadedTaskDispatcher with 20 workers.
 -> (artifact id: 'df9b2579a1a5e5847d45f4650cab5ec8') in 0.031951 seconds
Number of updated asset objects reloaded before import = 0
Number of asset objects unloaded after import = 4
========================================================================
Received Import Request.
  Time since last request: 0.000051 seconds.
  path: Assets/Oculus/Interaction/Samples/Objects/Props/Torch/Particles/Materials/Flame.mat
  artifactKey: Guid(3e65fe499b776f247904d42c1a65d082) Importer(815301076,1909f56bfc062723c751e8b465ee728b)
Start importing Assets/Oculus/Interaction/Samples/Objects/Props/Torch/Particles/Materials/Flame.mat using Guid(3e65fe499b776f247904d42c1a65d082) Importer(815301076,1909f56bfc062723c751e8b465ee728b) [PhysX] Initialized MultithreadedTaskDispatcher with 20 workers.
[PhysX] Initialized MultithreadedTaskDispatcher with 20 workers.
 -> (artifact id: 'c90a171a808ed7e9404ed20073e766c2') in 0.016302 seconds
Number of updated asset objects reloaded before import = 0
Number of asset objects unloaded after import = 2
========================================================================
Received Import Request.
  Time since last request: 0.000034 seconds.
  path: Assets/3D Models/ClassRoom/Floor.mat
  artifactKey: Guid(afa313b75b1edfd45ae860fc1a81475c) Importer(815301076,1909f56bfc062723c751e8b465ee728b)
Start importing Assets/3D Models/ClassRoom/Floor.mat using Guid(afa313b75b1edfd45ae860fc1a81475c) Importer(815301076,1909f56bfc062723c751e8b465ee728b) [PhysX] Initialized MultithreadedTaskDispatcher with 20 workers.
[PhysX] Initialized MultithreadedTaskDispatcher with 20 workers.
 -> (artifact id: 'e7f8f83aca0be0c4571dfc713a7ff223') in 0.047133 seconds
Number of updated asset objects reloaded before import = 0
Number of asset objects unloaded after import = 3
========================================================================
Received Import Request.
  Time since last request: 0.000023 seconds.
  path: Assets/Oculus/SampleFramework/Usage/SceneManager/Materials/Floor.mat
  artifactKey: Guid(6317243759ba40f43a2bf4a90c9e95d8) Importer(815301076,1909f56bfc062723c751e8b465ee728b)
Start importing Assets/Oculus/SampleFramework/Usage/SceneManager/Materials/Floor.mat using Guid(6317243759ba40f43a2bf4a90c9e95d8) Importer(815301076,1909f56bfc062723c751e8b465ee728b) [PhysX] Initialized MultithreadedTaskDispatcher with 20 workers.
[PhysX] Initialized MultithreadedTaskDispatcher with 20 workers.
 -> (artifact id: '54865ba1528c398f0c04f41b02abdeb7') in 0.021589 seconds
Number of updated asset objects reloaded before import = 0
Number of asset objects unloaded after import = 1
========================================================================
Received Import Request.
  Time since last request: 0.000030 seconds.
  path: Assets/Oculus/Interaction/Samples/Objects/Props/Torch/Particles/Materials/FlamePool.mat
  artifactKey: Guid(b16763e78b97b3846b0b387008718b25) Importer(815301076,1909f56bfc062723c751e8b465ee728b)
Start importing Assets/Oculus/Interaction/Samples/Objects/Props/Torch/Particles/Materials/FlamePool.mat using Guid(b16763e78b97b3846b0b387008718b25) Importer(815301076,1909f56bfc062723c751e8b465ee728b) [PhysX] Initialized MultithreadedTaskDispatcher with 20 workers.
[PhysX] Initialized MultithreadedTaskDispatcher with 20 workers.
 -> (artifact id: 'df12a31cb39774e2485643e920f9fe92') in 0.018981 seconds
Number of updated asset objects reloaded before import = 0
Number of asset objects unloaded after import = 2
========================================================================
Received Import Request.
  Time since last request: 0.000019 seconds.
  path: Assets/Oculus/SampleFramework/Core/DebugUI/Fonts/Montserrat/Montserrat-Bold.ttf
  artifactKey: Guid(7e89e80fce8fc06478c726f2f3de7863) Importer(815301076,1909f56bfc062723c751e8b465ee728b)
Start importing Assets/Oculus/SampleFramework/Core/DebugUI/Fonts/Montserrat/Montserrat-Bold.ttf using Guid(7e89e80fce8fc06478c726f2f3de7863) Importer(815301076,1909f56bfc062723c751e8b465ee728b) [PhysX] Initialized MultithreadedTaskDispatcher with 20 workers.
[PhysX] Initialized MultithreadedTaskDispatcher with 20 workers.
[PhysX] Initialized MultithreadedTaskDispatcher with 20 workers.
 -> (artifact id: '992beea9add01b392f0a1f4a29de54e1') in 0.015075 seconds
Number of updated asset objects reloaded before import = 0
Number of asset objects unloaded after import = 4
========================================================================
Received Import Request.
  Time since last request: 0.000023 seconds.
  path: Assets/MOUNTAIN_LAKE/Models/Stones/Materials/Forest_stone_1_diffuse.mat
  artifactKey: Guid(4c904f7bfbc09904fa93d2dab9c35da5) Importer(815301076,1909f56bfc062723c751e8b465ee728b)
Start importing Assets/MOUNTAIN_LAKE/Models/Stones/Materials/Forest_stone_1_diffuse.mat using Guid(4c904f7bfbc09904fa93d2dab9c35da5) Importer(815301076,1909f56bfc062723c751e8b465ee728b) [PhysX] Initialized MultithreadedTaskDispatcher with 20 workers.
[PhysX] Initialized MultithreadedTaskDispatcher with 20 workers.
 -> (artifact id: '051f0e9e95a3a1911279608e05114999') in 0.168636 seconds
Number of updated asset objects reloaded before import = 0
Number of asset objects unloaded after import = 4
========================================================================
Received Import Request.
  Time since last request: 0.000022 seconds.
  path: Assets/3D Models/Starting_Space/Emission_Initial_Space.mat
  artifactKey: Guid(644a085b9f4f9b64da7a4723afc85a0a) Importer(815301076,1909f56bfc062723c751e8b465ee728b)
Start importing Assets/3D Models/Starting_Space/Emission_Initial_Space.mat using Guid(644a085b9f4f9b64da7a4723afc85a0a) Importer(815301076,1909f56bfc062723c751e8b465ee728b) [PhysX] Initialized MultithreadedTaskDispatcher with 20 workers.
[PhysX] Initialized MultithreadedTaskDispatcher with 20 workers.
 -> (artifact id: 'd65df62e5d4d09dacdc48231fe031a4d') in 0.017391 seconds
Number of updated asset objects reloaded before import = 0
Number of asset objects unloaded after import = 1
========================================================================
Received Import Request.
  Time since last request: 0.045740 seconds.
  path: Assets/Oculus/Interaction/Runtime/Materials/DotGridUnlit.mat
  artifactKey: Guid(c8abc1d05afcf524eb9f7657ed06700d) Importer(815301076,1909f56bfc062723c751e8b465ee728b)
Start importing Assets/Oculus/Interaction/Runtime/Materials/DotGridUnlit.mat using Guid(c8abc1d05afcf524eb9f7657ed06700d) Importer(815301076,1909f56bfc062723c751e8b465ee728b) [PhysX] Initialized MultithreadedTaskDispatcher with 20 workers.
[PhysX] Initialized MultithreadedTaskDispatcher with 20 workers.
 -> (artifact id: '6ebdef0d63340a050edee5f5f54d5351') in 0.051779 seconds
Number of updated asset objects reloaded before import = 0
Number of asset objects unloaded after import = 1
========================================================================
Received Import Request.
  Time since last request: 0.204981 seconds.
  path: Assets/Oculus/SampleFramework/Usage/SceneManager/Materials/DiffusedWhite.mat
  artifactKey: Guid(cef9aed54ef583f47b43a017bfe6b0e0) Importer(815301076,1909f56bfc062723c751e8b465ee728b)
Start importing Assets/Oculus/SampleFramework/Usage/SceneManager/Materials/DiffusedWhite.mat using Guid(cef9aed54ef583f47b43a017bfe6b0e0) Importer(815301076,1909f56bfc062723c751e8b465ee728b) [PhysX] Initialized MultithreadedTaskDispatcher with 20 workers.
[PhysX] Initialized MultithreadedTaskDispatcher with 20 workers.
 -> (artifact id: 'e8ddb96de46b1a784ea701cd9137cb93') in 0.015841 seconds
Number of updated asset objects reloaded before import = 0
Number of asset objects unloaded after import = 1
========================================================================
Received Import Request.
  Time since last request: 0.056177 seconds.
  path: Assets/Oculus/Interaction/Runtime/Materials/DebugUnlitMaterial.mat
  artifactKey: Guid(32c9cae82fc27e4429ecd48a7c3ea496) Importer(815301076,1909f56bfc062723c751e8b465ee728b)
Start importing Assets/Oculus/Interaction/Runtime/Materials/DebugUnlitMaterial.mat using Guid(32c9cae82fc27e4429ecd48a7c3ea496) Importer(815301076,1909f56bfc062723c751e8b465ee728b) [PhysX] Initialized MultithreadedTaskDispatcher with 20 workers.
[PhysX] Initialized MultithreadedTaskDispatcher with 20 workers.
 -> (artifact id: 'a688019ae139ef42c2db451e4ab734f9') in 0.008682 seconds
Number of updated asset objects reloaded before import = 0
Number of asset objects unloaded after import = 1
========================================================================
Received Import Request.
  Time since last request: 0.017371 seconds.
  path: Assets/Oculus/VR/Editor/BuildingBlocks/BlockData/HandTracking/Materials/DefaultHandMaterial.mat
  artifactKey: Guid(aa70c70787230f248b33d8a0ce1a6c3d) Importer(815301076,1909f56bfc062723c751e8b465ee728b)
Start importing Assets/Oculus/VR/Editor/BuildingBlocks/BlockData/HandTracking/Materials/DefaultHandMaterial.mat using Guid(aa70c70787230f248b33d8a0ce1a6c3d) Importer(815301076,1909f56bfc062723c751e8b465ee728b) [PhysX] Initialized MultithreadedTaskDispatcher with 20 workers.
[PhysX] Initialized MultithreadedTaskDispatcher with 20 workers.
 -> (artifact id: '88e0dbba3c86d5f08e48db74f5c4d4ed') in 0.020532 seconds
Number of updated asset objects reloaded before import = 0
Number of asset objects unloaded after import = 1
========================================================================
Received Import Request.
  Time since last request: 0.000045 seconds.
  path: Assets/3D Models/ClassRoom/Degradable Metal.mat
  artifactKey: Guid(731a240c0657df4468a4e9a5c128f3c9) Importer(815301076,1909f56bfc062723c751e8b465ee728b)
Start importing Assets/3D Models/ClassRoom/Degradable Metal.mat using Guid(731a240c0657df4468a4e9a5c128f3c9) Importer(815301076,1909f56bfc062723c751e8b465ee728b) [PhysX] Initialized MultithreadedTaskDispatcher with 20 workers.
[PhysX] Initialized MultithreadedTaskDispatcher with 20 workers.
 -> (artifact id: '800bac2f210981798992763f3bd1cf44') in 0.024343 seconds
Number of updated asset objects reloaded before import = 0
Number of asset objects unloaded after import = 1
========================================================================
Received Import Request.
  Time since last request: 3.707748 seconds.
  path: Assets/3D Models/NewMines/m16/Materials/Dark iron 3.mat
  artifactKey: Guid(0a8bd3745ce2b6345b2ab982db605942) Importer(815301076,1909f56bfc062723c751e8b465ee728b)
Start importing Assets/3D Models/NewMines/m16/Materials/Dark iron 3.mat using Guid(0a8bd3745ce2b6345b2ab982db605942) Importer(815301076,1909f56bfc062723c751e8b465ee728b) [PhysX] Initialized MultithreadedTaskDispatcher with 20 workers.
[PhysX] Initialized MultithreadedTaskDispatcher with 20 workers.
 -> (artifact id: 'd85209b73a45bd98a24c13be7f571599') in 0.198384 seconds
Number of updated asset objects reloaded before import = 0
Number of asset objects unloaded after import = 3
========================================================================
Received Import Request.
  Time since last request: 0.000021 seconds.
  path: Assets/Oculus/Interaction/Samples/Objects/Props/Materials/CubeMaterialBlue.fbx
  artifactKey: Guid(6cc34ec80006e8a429764b52c1b5e7c8) Importer(815301076,1909f56bfc062723c751e8b465ee728b)
Start importing Assets/Oculus/Interaction/Samples/Objects/Props/Materials/CubeMaterialBlue.fbx using Guid(6cc34ec80006e8a429764b52c1b5e7c8) Importer(815301076,1909f56bfc062723c751e8b465ee728b) [PhysX] Initialized MultithreadedTaskDispatcher with 20 workers.
[PhysX] Initialized MultithreadedTaskDispatcher with 20 workers.
[PhysX] Initialized MultithreadedTaskDispatcher with 20 workers.
[PhysX] Initialized MultithreadedTaskDispatcher with 20 workers.
 -> (artifact id: '605b3d16ca6b28ab10ff7eaa21acacbf') in 0.047187 seconds
Number of updated asset objects reloaded before import = 0
Number of asset objects unloaded after import = 9
========================================================================
Received Import Request.
  Time since last request: 1.815938 seconds.
  path: Assets/Oculus/SampleFramework/Usage/HandsTrainExample/Materials/ControllerBoxButtons.mat
  artifactKey: Guid(b3244fa82a3c4c748a0faa4e84afa36f) Importer(815301076,1909f56bfc062723c751e8b465ee728b)
Start importing Assets/Oculus/SampleFramework/Usage/HandsTrainExample/Materials/ControllerBoxButtons.mat using Guid(b3244fa82a3c4c748a0faa4e84afa36f) Importer(815301076,1909f56bfc062723c751e8b465ee728b) [PhysX] Initialized MultithreadedTaskDispatcher with 20 workers.
[PhysX] Initialized MultithreadedTaskDispatcher with 20 workers.
 -> (artifact id: '71bd874781b29c3542f8fb45db8a1f8d') in 0.113390 seconds
Number of updated asset objects reloaded before import = 0
Number of asset objects unloaded after import = 4
========================================================================
Received Import Request.
  Time since last request: 0.000026 seconds.
  path: Assets/3D Models/ClassRoom/Cord.mat
  artifactKey: Guid(cfa3b5356d528bd4b89ca55003e5c003) Importer(815301076,1909f56bfc062723c751e8b465ee728b)
Start importing Assets/3D Models/ClassRoom/Cord.mat using Guid(cfa3b5356d528bd4b89ca55003e5c003) Importer(815301076,1909f56bfc062723c751e8b465ee728b) [PhysX] Initialized MultithreadedTaskDispatcher with 20 workers.
[PhysX] Initialized MultithreadedTaskDispatcher with 20 workers.
 -> (artifact id: '980de2e36e85b17d514d6dfd9d1539c6') in 0.019089 seconds
Number of updated asset objects reloaded before import = 0
Number of asset objects unloaded after import = 1
========================================================================
Received Import Request.
  Time since last request: 0.000029 seconds.
  path: Assets/Oculus/SampleFramework/Core/Locomotion/Materials/ColumnGlow.mat
  artifactKey: Guid(5e53c7a8c2e563c4c90a8fa620eebc2c) Importer(815301076,1909f56bfc062723c751e8b465ee728b)
Start importing Assets/Oculus/SampleFramework/Core/Locomotion/Materials/ColumnGlow.mat using Guid(5e53c7a8c2e563c4c90a8fa620eebc2c) Importer(815301076,1909f56bfc062723c751e8b465ee728b) [PhysX] Initialized MultithreadedTaskDispatcher with 20 workers.
[PhysX] Initialized MultithreadedTaskDispatcher with 20 workers.
 -> (artifact id: '99f0efe19cf484a40e9d1719eb07209f') in 0.014770 seconds
Number of updated asset objects reloaded before import = 0
Number of asset objects unloaded after import = 1
========================================================================
Received Import Request.
  Time since last request: 5.436759 seconds.
  path: Assets/Oculus/Interaction/Samples/Objects/Props/CoffeeCup/CoffeeCupMat.mat
  artifactKey: Guid(b456eb5028a92da499e79da1ac0eccdb) Importer(815301076,1909f56bfc062723c751e8b465ee728b)
Start importing Assets/Oculus/Interaction/Samples/Objects/Props/CoffeeCup/CoffeeCupMat.mat using Guid(b456eb5028a92da499e79da1ac0eccdb) Importer(815301076,1909f56bfc062723c751e8b465ee728b) [PhysX] Initialized MultithreadedTaskDispatcher with 20 workers.
[PhysX] Initialized MultithreadedTaskDispatcher with 20 workers.
 -> (artifact id: '7378b5b98e362ee1917ac09a44b75320') in 0.053842 seconds
Number of updated asset objects reloaded before import = 0
Number of asset objects unloaded after import = 3
========================================================================
Received Import Request.
  Time since last request: 0.110176 seconds.
  path: Assets/3D Models/ClassRoom/ChackerMat.mat
  artifactKey: Guid(3a8780da2083c5146b539ba566098e21) Importer(815301076,1909f56bfc062723c751e8b465ee728b)
Start importing Assets/3D Models/ClassRoom/ChackerMat.mat using Guid(3a8780da2083c5146b539ba566098e21) Importer(815301076,1909f56bfc062723c751e8b465ee728b) [PhysX] Initialized MultithreadedTaskDispatcher with 20 workers.
[PhysX] Initialized MultithreadedTaskDispatcher with 20 workers.
 -> (artifact id: '2696f5236428ee65ed4243cc1e5865f9') in 0.179956 seconds
Number of updated asset objects reloaded before import = 0
Number of asset objects unloaded after import = 3
========================================================================
Received Import Request.
  Time since last request: 0.227438 seconds.
  path: Assets/3D Models/Mines/M16/Brown  MetallicCar Paint.mat
  artifactKey: Guid(d9a1b97bc55aea9449370005605ec0df) Importer(815301076,1909f56bfc062723c751e8b465ee728b)
Start importing Assets/3D Models/Mines/M16/Brown  MetallicCar Paint.mat using Guid(d9a1b97bc55aea9449370005605ec0df) Importer(815301076,1909f56bfc062723c751e8b465ee728b) [PhysX] Initialized MultithreadedTaskDispatcher with 20 workers.
[PhysX] Initialized MultithreadedTaskDispatcher with 20 workers.
 -> (artifact id: '6946a1ca21b4089c49232aa2a7b50de9') in 0.017067 seconds
Number of updated asset objects reloaded before import = 0
Number of asset objects unloaded after import = 1
========================================================================
Received Import Request.
  Time since last request: 0.000028 seconds.
  path: Assets/Oculus/SampleFramework/Usage/Passthrough/Materials/BrushRing.mat
  artifactKey: Guid(fc831064da805784e84a86149c3671bb) Importer(815301076,1909f56bfc062723c751e8b465ee728b)
Start importing Assets/Oculus/SampleFramework/Usage/Passthrough/Materials/BrushRing.mat using Guid(fc831064da805784e84a86149c3671bb) Importer(815301076,1909f56bfc062723c751e8b465ee728b) [PhysX] Initialized MultithreadedTaskDispatcher with 20 workers.
[PhysX] Initialized MultithreadedTaskDispatcher with 20 workers.
 -> (artifact id: '4d29ac939dfe33698560d0cfb760b529') in 0.031833 seconds
Number of updated asset objects reloaded before import = 0
Number of asset objects unloaded after import = 2
========================================================================
Received Import Request.
  Time since last request: 0.045604 seconds.
  path: Assets/MOUNTAIN_LAKE/Models/Trees/Materials/Broken_tree_5_diffuse.mat
  artifactKey: Guid(5106cb00bf3704d4eb681a096f7a9851) Importer(815301076,1909f56bfc062723c751e8b465ee728b)
Start importing Assets/MOUNTAIN_LAKE/Models/Trees/Materials/Broken_tree_5_diffuse.mat using Guid(5106cb00bf3704d4eb681a096f7a9851) Importer(815301076,1909f56bfc062723c751e8b465ee728b) [PhysX] Initialized MultithreadedTaskDispatcher with 20 workers.
[PhysX] Initialized MultithreadedTaskDispatcher with 20 workers.
 -> (artifact id: '16319de4ca0aeba29dd681fe9d5ee315') in 0.225225 seconds
Number of updated asset objects reloaded before import = 0
Number of asset objects unloaded after import = 4
========================================================================
Received Import Request.
  Time since last request: 4.818145 seconds.
  path: Assets/MOUNTAIN_LAKE/Models/Trees/Materials/Broken_tree_1_diffuse.mat
  artifactKey: Guid(269abeb0247d2d04cac553431c4fdbb8) Importer(815301076,1909f56bfc062723c751e8b465ee728b)
Start importing Assets/MOUNTAIN_LAKE/Models/Trees/Materials/Broken_tree_1_diffuse.mat using Guid(269abeb0247d2d04cac553431c4fdbb8) Importer(815301076,1909f56bfc062723c751e8b465ee728b) [PhysX] Initialized MultithreadedTaskDispatcher with 20 workers.
[PhysX] Initialized MultithreadedTaskDispatcher with 20 workers.
 -> (artifact id: '9302f950ecadf007df2868f4803d750c') in 0.216809 seconds
Number of updated asset objects reloaded before import = 0
Number of asset objects unloaded after import = 4
========================================================================
Received Prepare
Shader 'Oculus/OVRMRCameraFrameLit': fallback shader 'Alpha-Diffuse' not found
Refreshing native plugins compatible for Editor in 5.75 ms, found 9 plugins.
Preloading 2 native plugins for Editor in 0.12 ms.
Unloading 4 Unused Serialized files (Serialized files now loaded: 0)
Unloading 6 unused Assets / (334.5 KB). Loaded Objects now: 5711.
Memory consumption went from 128.6 MB to 128.3 MB.
Total: 4.182500 ms (FindLiveObjects: 0.383500 ms CreateObjectMapping: 0.234400 ms MarkObjects: 3.419600 ms  DeleteObjects: 0.143300 ms)

Prepare: number of updated asset objects reloaded= 0
AssetImportParameters requested are different than current active one (requested -> active):
  custom:container-demuxer-ogg: 62fdf1f143b41e24485cea50d1cbac27 -> 
  custom:video-decoder-ogg-theora: a1e56fd34408186e4bbccfd4996cb3dc -> 
  custom:framework-win-MediaFoundation: 216162199b28c13a410421893ffa2e32 -> 
  custom:CustomObjectIndexerAttribute: 9a22284fe3817be447336de3de66b15e -> 
  custom:container-demuxer-webm: 4f35f7cbe854078d1ac9338744f61a02 -> 
  custom:container-muxer-webm: aa71ff27fc2769a1b78a27578f13a17b -> 
  custom:video-decoder-webm-vp8: 9c59270c3fd7afecdb556c50c9e8de78 -> 
  custom:SearchIndexIgnoredProperties: e643bd26f0fe6173181afceb89e7c659 -> 
  custom:AudioImporter_EditorPlatform: d09bf68614088b80899f8185d706f6e7 -> 
  custom:video-encoder-webm-vp8: eb34c28f22e8b96e1ab97ce403110664 -> 
  custom:audio-decoder-ogg-vorbis: bf7c407c2cedff20999df2af8eb42d56 -> 
  custom:audio-encoder-webm-vorbis: bf7c407c2cedff20999df2af8eb42d56 -> 
Editor requested this worker to shutdown with reason: Scaling down because of idle timeout
TcpMessagingSession - receive error
AssetImportWorkerClient::OnTransportError - code=2 error=End of file
AssetImportWorker is now disconnected from the server
Process exiting
Exiting without the bug reporter. Application will terminate with return code 0