Using pre-set license
Built from '2022.3/staging' branch; Version is '2022.3.45f1 (a13dfa44d684) revision 10567162'; Using compiler version '192829333'; Build Type 'Release'
OS: 'Windows 11  (10.0.26120) 64bit Professional' Language: 'en' Physical Memory: 32452 MB
BatchMode: 1, IsHumanControllingUs: 0, StartBugReporterOnCrash: 0, Is64bit: 1, IsPro: 1

COMMAND LINE ARGUMENTS:
C:\Program Files\Unity\Hub\Editor\2022.3.45f1\Editor\Unity.exe
-adb2
-batchMode
-noUpm
-name
AssetImportWorker8
-projectPath
D:/Rahul Unity/Rahul_Dev/VR Paraglider Game/Romi Demo
-logFile
Logs/AssetImportWorker8.log
-srvPort
51025
Successfully changed project path to: D:/Rahul Unity/Rahul_Dev/VR Paraglider Game/Romi Demo
D:/Rahul Unity/Rahul_Dev/VR Paraglider Game/Romi Demo
[UnityMemory] Configuration Parameters - Can be set up in boot.config
    "memorysetup-bucket-allocator-granularity=16"
    "memorysetup-bucket-allocator-bucket-count=8"
    "memorysetup-bucket-allocator-block-size=33554432"
    "memorysetup-bucket-allocator-block-count=8"
    "memorysetup-main-allocator-block-size=16777216"
    "memorysetup-thread-allocator-block-size=16777216"
    "memorysetup-gfx-main-allocator-block-size=16777216"
    "memorysetup-gfx-thread-allocator-block-size=16777216"
    "memorysetup-cache-allocator-block-size=4194304"
    "memorysetup-typetree-allocator-block-size=2097152"
    "memorysetup-profiler-bucket-allocator-granularity=16"
    "memorysetup-profiler-bucket-allocator-bucket-count=8"
    "memorysetup-profiler-bucket-allocator-block-size=33554432"
    "memorysetup-profiler-bucket-allocator-block-count=8"
    "memorysetup-profiler-allocator-block-size=16777216"
    "memorysetup-profiler-editor-allocator-block-size=1048576"
    "memorysetup-temp-allocator-size-main=16777216"
    "memorysetup-job-temp-allocator-block-size=2097152"
    "memorysetup-job-temp-allocator-block-size-background=1048576"
    "memorysetup-job-temp-allocator-reduction-small-platforms=262144"
    "memorysetup-allocator-temp-initial-block-size-main=262144"
    "memorysetup-allocator-temp-initial-block-size-worker=262144"
    "memorysetup-temp-allocator-size-background-worker=32768"
    "memorysetup-temp-allocator-size-job-worker=262144"
    "memorysetup-temp-allocator-size-preload-manager=33554432"
    "memorysetup-temp-allocator-size-nav-mesh-worker=65536"
    "memorysetup-temp-allocator-size-audio-worker=65536"
    "memorysetup-temp-allocator-size-cloud-worker=32768"
    "memorysetup-temp-allocator-size-gi-baking-worker=262144"
    "memorysetup-temp-allocator-size-gfx=262144"
Player connection [23756]  Target information:

Player connection [23756]  * "[IP] 172.28.64.1 [Port] 0 [Flags] 2 [Guid] 1202694341 [EditorId] 1202694341 [Version] 1048832 [Id] WindowsEditor(7,DESKTOP-FD0IUGJ) [Debug] 1 [PackageName] WindowsEditor [ProjectName] Editor" 

Player connection [23756]  * "[IP] 192.168.1.4 [Port] 0 [Flags] 2 [Guid] 1202694341 [EditorId] 1202694341 [Version] 1048832 [Id] WindowsEditor(7,DESKTOP-FD0IUGJ) [Debug] 1 [PackageName] WindowsEditor [ProjectName] Editor" 

Unable to join player connection multicast group (err: 10013).
Player connection [23756] Host joined alternative multi-casting on [225.0.0.222:34997]...
[PhysX] Initialized MultithreadedTaskDispatcher with 20 workers.
Refreshing native plugins compatible for Editor in 8.63 ms, found 9 plugins.
Preloading 2 native plugins for Editor in 2.37 ms.
Initialize engine version: 2022.3.45f1 (a13dfa44d684)
[Subsystems] Discovering subsystems at path C:/Program Files/Unity/Hub/Editor/2022.3.45f1/Editor/Data/Resources/UnitySubsystems
[Subsystems] Discovering subsystems at path D:/Rahul Unity/Rahul_Dev/VR Paraglider Game/Romi Demo/Assets
GfxDevice: creating device client; threaded=0; jobified=0
Direct3D:
    Version:  Direct3D 11.0 [level 11.1]
    Renderer: NVIDIA GeForce RTX 3060 Laptop GPU (ID=0x2560)
    Vendor:   NVIDIA
    VRAM:     5996 MB
    Driver:   32.0.15.6635
Shader 'Oculus/OVRMRCameraFrameLit': fallback shader 'Alpha-Diffuse' not found
Initialize mono
Mono path[0] = 'C:/Program Files/Unity/Hub/Editor/2022.3.45f1/Editor/Data/Managed'
Mono path[1] = 'C:/Program Files/Unity/Hub/Editor/2022.3.45f1/Editor/Data/MonoBleedingEdge/lib/mono/unityjit-win32'
Mono config path = 'C:/Program Files/Unity/Hub/Editor/2022.3.45f1/Editor/Data/MonoBleedingEdge/etc'
Using monoOptions --debugger-agent=transport=dt_socket,embedding=1,server=y,suspend=n,address=127.0.0.1:56372
Begin MonoManager ReloadAssembly
Registering precompiled unity dll's ...
Register platform support module: C:/Program Files/Unity/Hub/Editor/2022.3.45f1/Editor/Data/PlaybackEngines/WebGLSupport/UnityEditor.WebGL.Extensions.dll
Register platform support module: C:/Program Files/Unity/Hub/Editor/2022.3.45f1/Editor/Data/PlaybackEngines/AndroidPlayer/UnityEditor.Android.Extensions.dll
Register platform support module: C:/Program Files/Unity/Hub/Editor/2022.3.45f1/Editor/Data/PlaybackEngines/WindowsStandaloneSupport/UnityEditor.WindowsStandalone.Extensions.dll
Register platform support module: C:/Program Files/Unity/Hub/Editor/2022.3.45f1/Editor/Data/PlaybackEngines/MetroSupport/UnityEditor.UWP.Extensions.dll
Registered in 0.014063 seconds.
- Loaded All Assemblies, in  0.443 seconds
Native extension for UWP target not found
Native extension for WindowsStandalone target not found
Native extension for Android target not found
Android Extension - Scanning For ADB Devices 251 ms
Native extension for WebGL target not found
Mono: successfully reloaded assembly
- Finished resetting the current domain, in  0.551 seconds
Domain Reload Profiling: 993ms
	BeginReloadAssembly (121ms)
		ExecutionOrderSort (0ms)
		DisableScriptedObjects (0ms)
		BackupInstance (0ms)
		ReleaseScriptingObjects (0ms)
		CreateAndSetChildDomain (1ms)
	RebuildCommonClasses (40ms)
	RebuildNativeTypeToScriptingClass (12ms)
	initialDomainReloadingComplete (72ms)
	LoadAllAssembliesAndSetupDomain (197ms)
		LoadAssemblies (119ms)
		RebuildTransferFunctionScriptingTraits (0ms)
		AnalyzeDomain (192ms)
			TypeCache.Refresh (191ms)
				TypeCache.ScanAssembly (175ms)
			ScanForSourceGeneratedMonoScriptInfo (0ms)
			ResolveRequiredComponents (1ms)
	FinalizeReload (552ms)
		ReleaseScriptCaches (0ms)
		RebuildScriptCaches (0ms)
		SetupLoadedEditorAssemblies (504ms)
			LogAssemblyErrors (0ms)
			InitializePlatformSupportModulesInManaged (345ms)
			SetLoadedEditorAssemblies (4ms)
			RefreshPlugins (0ms)
			BeforeProcessingInitializeOnLoad (2ms)
			ProcessInitializeOnLoadAttributes (111ms)
			ProcessInitializeOnLoadMethodAttributes (42ms)
			AfterProcessingInitializeOnLoad (0ms)
			EditorAssembliesLoaded (0ms)
		ExecutionOrderSort2 (0ms)
		AwakeInstancesAfterBackupRestoration (0ms)
========================================================================
Worker process is ready to serve import requests
Caller must complete domain reload
Begin MonoManager ReloadAssembly
- Loaded All Assemblies, in  0.591 seconds
Native extension for UWP target not found
Native extension for WindowsStandalone target not found
Native extension for Android target not found
Native extension for WebGL target not found
Package Manager log level set to [2]
[Package Manager] Server::EnsureServerProcessIsRunning -- launch failed, reason: Unity was launched with the -noUpm command-line argument
[Package Manager] UpmClient::Send -- Unable to send message (not connected to UPM process).
[Package Manager] Cannot connect to Unity Package Manager local server
[XR] OculusXRPlugin: registering subsystems
[XR] Unable to register display lifecyle provider: [1]
[XR] Oculus Input lifecycle provider registered.
[XR] Unable to register input lifecyle provider: [1]
[XR] OVRP version 1.89.1
Mono: successfully reloaded assembly
[Package Manager] Server::EnsureServerProcessIsRunning -- launch failed, reason: Unity was launched with the -noUpm command-line argument
[Package Manager] UpmClient::Send -- Unable to send message (not connected to UPM process).
[Package Manager] Cannot connect to Unity Package Manager local server
[Package Manager] Server::EnsureServerProcessIsRunning -- launch failed, reason: Unity was launched with the -noUpm command-line argument
[Package Manager] UpmClient::Send -- Unable to send message (not connected to UPM process).
[Package Manager] Cannot connect to Unity Package Manager local server
- Finished resetting the current domain, in  0.582 seconds
Domain Reload Profiling: 1172ms
	BeginReloadAssembly (129ms)
		ExecutionOrderSort (0ms)
		DisableScriptedObjects (4ms)
		BackupInstance (0ms)
		ReleaseScriptingObjects (0ms)
		CreateAndSetChildDomain (24ms)
	RebuildCommonClasses (28ms)
	RebuildNativeTypeToScriptingClass (8ms)
	initialDomainReloadingComplete (31ms)
	LoadAllAssembliesAndSetupDomain (394ms)
		LoadAssemblies (260ms)
		RebuildTransferFunctionScriptingTraits (0ms)
		AnalyzeDomain (205ms)
			TypeCache.Refresh (167ms)
				TypeCache.ScanAssembly (149ms)
			ScanForSourceGeneratedMonoScriptInfo (24ms)
			ResolveRequiredComponents (12ms)
	FinalizeReload (582ms)
		ReleaseScriptCaches (0ms)
		RebuildScriptCaches (0ms)
		SetupLoadedEditorAssemblies (429ms)
			LogAssemblyErrors (0ms)
			InitializePlatformSupportModulesInManaged (15ms)
			SetLoadedEditorAssemblies (4ms)
			RefreshPlugins (0ms)
			BeforeProcessingInitializeOnLoad (63ms)
			ProcessInitializeOnLoadAttributes (316ms)
			ProcessInitializeOnLoadMethodAttributes (26ms)
			AfterProcessingInitializeOnLoad (4ms)
			EditorAssembliesLoaded (0ms)
		ExecutionOrderSort2 (0ms)
		AwakeInstancesAfterBackupRestoration (6ms)
Shader 'Oculus/OVRMRCameraFrameLit': fallback shader 'Alpha-Diffuse' not found
Launched and connected shader compiler UnityShaderCompiler.exe after 0.03 seconds
Refreshing native plugins compatible for Editor in 8.70 ms, found 9 plugins.
Preloading 2 native plugins for Editor in 0.13 ms.
Unloading 5206 Unused Serialized files (Serialized files now loaded: 0)
Unloading 69 unused Assets / (408.3 KB). Loaded Objects now: 5663.
Memory consumption went from 235.5 MB to 235.1 MB.
Total: 6.071900 ms (FindLiveObjects: 0.642500 ms CreateObjectMapping: 0.503800 ms MarkObjects: 4.628700 ms  DeleteObjects: 0.294500 ms)

AssetImportParameters requested are different than current active one (requested -> active):
  custom:container-demuxer-ogg: 62fdf1f143b41e24485cea50d1cbac27 -> 
  custom:video-decoder-ogg-theora: a1e56fd34408186e4bbccfd4996cb3dc -> 
  custom:framework-win-MediaFoundation: 216162199b28c13a410421893ffa2e32 -> 
  custom:CustomObjectIndexerAttribute: 9a22284fe3817be447336de3de66b15e -> 
  custom:container-demuxer-webm: 4f35f7cbe854078d1ac9338744f61a02 -> 
  custom:container-muxer-webm: aa71ff27fc2769a1b78a27578f13a17b -> 
  custom:video-decoder-webm-vp8: 9c59270c3fd7afecdb556c50c9e8de78 -> 
  custom:SearchIndexIgnoredProperties: e643bd26f0fe6173181afceb89e7c659 -> 
  custom:AudioImporter_EditorPlatform: d09bf68614088b80899f8185d706f6e7 -> 
  custom:video-encoder-webm-vp8: eb34c28f22e8b96e1ab97ce403110664 -> 
  custom:audio-decoder-ogg-vorbis: bf7c407c2cedff20999df2af8eb42d56 -> 
  custom:audio-encoder-webm-vorbis: bf7c407c2cedff20999df2af8eb42d56 -> 
========================================================================
Received Import Request.
  Time since last request: 7523.515849 seconds.
  path: Assets/3D Models/Mines/M16/Metal.001.mat
  artifactKey: Guid(d5573950b2a3f2744b44b7b417deddd8) Importer(815301076,1909f56bfc062723c751e8b465ee728b)
Start importing Assets/3D Models/Mines/M16/Metal.001.mat using Guid(d5573950b2a3f2744b44b7b417deddd8) Importer(815301076,1909f56bfc062723c751e8b465ee728b) [PhysX] Initialized MultithreadedTaskDispatcher with 20 workers.
[PhysX] Initialized MultithreadedTaskDispatcher with 20 workers.
 -> (artifact id: 'f6e75369231eaff4c7413f157714b7ea') in 0.134622 seconds
Number of updated asset objects reloaded before import = 0
Number of asset objects unloaded after import = 1
========================================================================
Received Import Request.
  Time since last request: 0.000031 seconds.
  path: Assets/3D Models/Mines/M14/Material.012.mat
  artifactKey: Guid(70c0a656c079cba4198cc203c86fd69f) Importer(815301076,1909f56bfc062723c751e8b465ee728b)
Start importing Assets/3D Models/Mines/M14/Material.012.mat using Guid(70c0a656c079cba4198cc203c86fd69f) Importer(815301076,1909f56bfc062723c751e8b465ee728b) [PhysX] Initialized MultithreadedTaskDispatcher with 20 workers.
[PhysX] Initialized MultithreadedTaskDispatcher with 20 workers.
 -> (artifact id: '109f18fda9bda09736b31e71540e8ad5') in 0.019309 seconds
Number of updated asset objects reloaded before import = 0
Number of asset objects unloaded after import = 1
========================================================================
Received Import Request.
  Time since last request: 0.000129 seconds.
  path: Assets/3D Models/ClassRoom/material_5.mat
  artifactKey: Guid(f18f7a47fa45e8c4bb3af8931b9f6946) Importer(815301076,1909f56bfc062723c751e8b465ee728b)
Start importing Assets/3D Models/ClassRoom/material_5.mat using Guid(f18f7a47fa45e8c4bb3af8931b9f6946) Importer(815301076,1909f56bfc062723c751e8b465ee728b) [PhysX] Initialized MultithreadedTaskDispatcher with 20 workers.
[PhysX] Initialized MultithreadedTaskDispatcher with 20 workers.
 -> (artifact id: 'af9fe8b68c799d07386db4762527ae75') in 0.128611 seconds
Number of updated asset objects reloaded before import = 0
Number of asset objects unloaded after import = 3
========================================================================
Received Import Request.
  Time since last request: 0.169025 seconds.
  path: Assets/3D Models/NewMines/m14/Materials/Material.006.mat
  artifactKey: Guid(32b7a49a9cab3e44bb4986e54f9a578b) Importer(815301076,1909f56bfc062723c751e8b465ee728b)
Start importing Assets/3D Models/NewMines/m14/Materials/Material.006.mat using Guid(32b7a49a9cab3e44bb4986e54f9a578b) Importer(815301076,1909f56bfc062723c751e8b465ee728b) [PhysX] Initialized MultithreadedTaskDispatcher with 20 workers.
[PhysX] Initialized MultithreadedTaskDispatcher with 20 workers.
 -> (artifact id: '68ed3c3812afd141dc0ac74e65238c9f') in 0.012634 seconds
Number of updated asset objects reloaded before import = 0
Number of asset objects unloaded after import = 1
========================================================================
Received Import Request.
  Time since last request: 0.001190 seconds.
  path: Assets/3D Models/Mines/M14/Material.009.mat
  artifactKey: Guid(610df48bea947a24988b81c52a366308) Importer(815301076,1909f56bfc062723c751e8b465ee728b)
Start importing Assets/3D Models/Mines/M14/Material.009.mat using Guid(610df48bea947a24988b81c52a366308) Importer(815301076,1909f56bfc062723c751e8b465ee728b) [PhysX] Initialized MultithreadedTaskDispatcher with 20 workers.
[PhysX] Initialized MultithreadedTaskDispatcher with 20 workers.
 -> (artifact id: '2cf2e8a2af8d51a83664253a5fef1354') in 0.012876 seconds
Number of updated asset objects reloaded before import = 0
Number of asset objects unloaded after import = 1
========================================================================
Received Import Request.
  Time since last request: 3.512037 seconds.
  path: Assets/3D Models/ClassRoom/Material.003.mat
  artifactKey: Guid(c8c23888d51bb2d4d97b7f9f07c589b1) Importer(815301076,1909f56bfc062723c751e8b465ee728b)
Start importing Assets/3D Models/ClassRoom/Material.003.mat using Guid(c8c23888d51bb2d4d97b7f9f07c589b1) Importer(815301076,1909f56bfc062723c751e8b465ee728b) [PhysX] Initialized MultithreadedTaskDispatcher with 20 workers.
[PhysX] Initialized MultithreadedTaskDispatcher with 20 workers.
 -> (artifact id: 'b5c4415cf5b35a1b1d2514d31cc7fde6') in 0.012917 seconds
Number of updated asset objects reloaded before import = 0
Number of asset objects unloaded after import = 1
========================================================================
Received Import Request.
  Time since last request: 0.007433 seconds.
  path: Assets/3D Models/Mines/M16/Material.004.mat
  artifactKey: Guid(b101e30b210d9204790b635d64bb467e) Importer(815301076,1909f56bfc062723c751e8b465ee728b)
Start importing Assets/3D Models/Mines/M16/Material.004.mat using Guid(b101e30b210d9204790b635d64bb467e) Importer(815301076,1909f56bfc062723c751e8b465ee728b) [PhysX] Initialized MultithreadedTaskDispatcher with 20 workers.
[PhysX] Initialized MultithreadedTaskDispatcher with 20 workers.
 -> (artifact id: 'e21bbf3e2862ef60a5c2d911bad0616b') in 0.017875 seconds
Number of updated asset objects reloaded before import = 0
Number of asset objects unloaded after import = 1
========================================================================
Received Import Request.
  Time since last request: 0.050374 seconds.
  path: Assets/3D Models/ClassRoom/material.mat
  artifactKey: Guid(a8564b9c312885f4d8b1fe60c75d1934) Importer(815301076,1909f56bfc062723c751e8b465ee728b)
Start importing Assets/3D Models/ClassRoom/material.mat using Guid(a8564b9c312885f4d8b1fe60c75d1934) Importer(815301076,1909f56bfc062723c751e8b465ee728b) [PhysX] Initialized MultithreadedTaskDispatcher with 20 workers.
[PhysX] Initialized MultithreadedTaskDispatcher with 20 workers.
 -> (artifact id: '1c72d14bfbad1e4d1a468b9aeab5b167') in 0.011218 seconds
Number of updated asset objects reloaded before import = 0
Number of asset objects unloaded after import = 1
========================================================================
Received Import Request.
  Time since last request: 0.000390 seconds.
  path: Assets/3D Models/Mines/Old/Material.001.mat
  artifactKey: Guid(3068df5820a4dec41ae2d8d3f86c0e54) Importer(815301076,1909f56bfc062723c751e8b465ee728b)
Start importing Assets/3D Models/Mines/Old/Material.001.mat using Guid(3068df5820a4dec41ae2d8d3f86c0e54) Importer(815301076,1909f56bfc062723c751e8b465ee728b) [PhysX] Initialized MultithreadedTaskDispatcher with 20 workers.
[PhysX] Initialized MultithreadedTaskDispatcher with 20 workers.
 -> (artifact id: 'f8c9d58557a4882127ad63c852a6af8f') in 0.418886 seconds
Number of updated asset objects reloaded before import = 0
Number of asset objects unloaded after import = 6
========================================================================
Received Import Request.
  Time since last request: 1.394292 seconds.
  path: Assets/Oculus/SampleFramework/Usage/Locomotion/Materials/MAT_brick_01.mat
  artifactKey: Guid(eded406ac811741c5a8a5142b2043467) Importer(815301076,1909f56bfc062723c751e8b465ee728b)
Start importing Assets/Oculus/SampleFramework/Usage/Locomotion/Materials/MAT_brick_01.mat using Guid(eded406ac811741c5a8a5142b2043467) Importer(815301076,1909f56bfc062723c751e8b465ee728b) [PhysX] Initialized MultithreadedTaskDispatcher with 20 workers.
[PhysX] Initialized MultithreadedTaskDispatcher with 20 workers.
 -> (artifact id: '5e18371f9884f9e2b7c479f623b9d97b') in 0.169951 seconds
Number of updated asset objects reloaded before import = 0
Number of asset objects unloaded after import = 4
========================================================================
Received Import Request.
  Time since last request: 0.000030 seconds.
  path: Assets/Oculus/Interaction/Samples/Objects/Props/MapWithPins/Materials/MapMat.mat
  artifactKey: Guid(75c836cb04e7d124b9c2829fd90ab362) Importer(815301076,1909f56bfc062723c751e8b465ee728b)
Start importing Assets/Oculus/Interaction/Samples/Objects/Props/MapWithPins/Materials/MapMat.mat using Guid(75c836cb04e7d124b9c2829fd90ab362) Importer(815301076,1909f56bfc062723c751e8b465ee728b) [PhysX] Initialized MultithreadedTaskDispatcher with 20 workers.
[PhysX] Initialized MultithreadedTaskDispatcher with 20 workers.
 -> (artifact id: 'c87118c4fdeebeb13ecd347d7884b791') in 0.030505 seconds
Number of updated asset objects reloaded before import = 0
Number of asset objects unloaded after import = 2
========================================================================
Received Import Request.
  Time since last request: 0.000034 seconds.
  path: Assets/Oculus/Interaction/Samples/Objects/Props/MapWithPins/Materials/MapFrameMat.mat
  artifactKey: Guid(40fece458fc28b244be0f13bec5a2975) Importer(815301076,1909f56bfc062723c751e8b465ee728b)
Start importing Assets/Oculus/Interaction/Samples/Objects/Props/MapWithPins/Materials/MapFrameMat.mat using Guid(40fece458fc28b244be0f13bec5a2975) Importer(815301076,1909f56bfc062723c751e8b465ee728b) [PhysX] Initialized MultithreadedTaskDispatcher with 20 workers.
[PhysX] Initialized MultithreadedTaskDispatcher with 20 workers.
 -> (artifact id: '46c4c5105323c577fe6f8237faa011c2') in 0.032102 seconds
Number of updated asset objects reloaded before import = 0
Number of asset objects unloaded after import = 2
========================================================================
Received Import Request.
  Time since last request: 0.000021 seconds.
  path: Assets/Oculus/SampleFramework/Usage/Locomotion/Materials/MAT_floor_wood_02.mat
  artifactKey: Guid(c5de2de29649946caa67f57a9825cfd6) Importer(815301076,1909f56bfc062723c751e8b465ee728b)
Start importing Assets/Oculus/SampleFramework/Usage/Locomotion/Materials/MAT_floor_wood_02.mat using Guid(c5de2de29649946caa67f57a9825cfd6) Importer(815301076,1909f56bfc062723c751e8b465ee728b) [PhysX] Initialized MultithreadedTaskDispatcher with 20 workers.
[PhysX] Initialized MultithreadedTaskDispatcher with 20 workers.
 -> (artifact id: '3789c045b3f7883f808c67fb17f857ec') in 0.149600 seconds
Number of updated asset objects reloaded before import = 0
Number of asset objects unloaded after import = 4
========================================================================
Received Import Request.
  Time since last request: 0.254536 seconds.
  path: Assets/Vefects/Free Fire VFX/Materials/M_VFX_Glow_01.mat
  artifactKey: Guid(ac493e1c327eed74bb02b70a74d0486a) Importer(815301076,1909f56bfc062723c751e8b465ee728b)
Start importing Assets/Vefects/Free Fire VFX/Materials/M_VFX_Glow_01.mat using Guid(ac493e1c327eed74bb02b70a74d0486a) Importer(815301076,1909f56bfc062723c751e8b465ee728b) [PhysX] Initialized MultithreadedTaskDispatcher with 20 workers.
[PhysX] Initialized MultithreadedTaskDispatcher with 20 workers.
 -> (artifact id: 'b6f4fd23d21c92a71b346fbf38147693') in 0.055628 seconds
Number of updated asset objects reloaded before import = 0
Number of asset objects unloaded after import = 2
========================================================================
Received Import Request.
  Time since last request: 10.450489 seconds.
  path: Assets/Oculus/Interaction/Runtime/Materials/HotspotMaterial.mat
  artifactKey: Guid(099a76900c67577498a4e81d119935d6) Importer(815301076,1909f56bfc062723c751e8b465ee728b)
Start importing Assets/Oculus/Interaction/Runtime/Materials/HotspotMaterial.mat using Guid(099a76900c67577498a4e81d119935d6) Importer(815301076,1909f56bfc062723c751e8b465ee728b) [PhysX] Initialized MultithreadedTaskDispatcher with 20 workers.
[PhysX] Initialized MultithreadedTaskDispatcher with 20 workers.
 -> (artifact id: 'dea8814e6f106b8d8c1266f65db662f5') in 0.022860 seconds
Number of updated asset objects reloaded before import = 0
Number of asset objects unloaded after import = 2
========================================================================
Received Import Request.
  Time since last request: 0.000041 seconds.
  path: Assets/Oculus/Interaction/Samples/Objects/Props/IconBox/Materials/iconBoxMaterial.mat
  artifactKey: Guid(d07b4fe945f100f4494504db069cf356) Importer(815301076,1909f56bfc062723c751e8b465ee728b)
Start importing Assets/Oculus/Interaction/Samples/Objects/Props/IconBox/Materials/iconBoxMaterial.mat using Guid(d07b4fe945f100f4494504db069cf356) Importer(815301076,1909f56bfc062723c751e8b465ee728b) [PhysX] Initialized MultithreadedTaskDispatcher with 20 workers.
[PhysX] Initialized MultithreadedTaskDispatcher with 20 workers.
 -> (artifact id: 'a4234ee1f2cc72b289b00f8ad1890d3b') in 0.012825 seconds
Number of updated asset objects reloaded before import = 0
Number of asset objects unloaded after import = 1
========================================================================
Received Import Request.
  Time since last request: 0.359841 seconds.
  path: Assets/Oculus/SampleFramework/Core/CustomHands/Materials/Hands_striped.mat
  artifactKey: Guid(2053692007a444b4298a3c679f98a1ce) Importer(815301076,1909f56bfc062723c751e8b465ee728b)
Start importing Assets/Oculus/SampleFramework/Core/CustomHands/Materials/Hands_striped.mat using Guid(2053692007a444b4298a3c679f98a1ce) Importer(815301076,1909f56bfc062723c751e8b465ee728b) [PhysX] Initialized MultithreadedTaskDispatcher with 20 workers.
[PhysX] Initialized MultithreadedTaskDispatcher with 20 workers.
 -> (artifact id: 'fb2ebd75d8af565d175084f6349ea897') in 0.080074 seconds
Number of updated asset objects reloaded before import = 0
Number of asset objects unloaded after import = 2
========================================================================
Received Import Request.
  Time since last request: 0.048527 seconds.
  path: Assets/Oculus/SampleFramework/Usage/Locomotion/Materials/GroundMat.mat
  artifactKey: Guid(1f0c317a1c26f8a4285902639d3d1a0c) Importer(815301076,1909f56bfc062723c751e8b465ee728b)
Start importing Assets/Oculus/SampleFramework/Usage/Locomotion/Materials/GroundMat.mat using Guid(1f0c317a1c26f8a4285902639d3d1a0c) Importer(815301076,1909f56bfc062723c751e8b465ee728b) [PhysX] Initialized MultithreadedTaskDispatcher with 20 workers.
[PhysX] Initialized MultithreadedTaskDispatcher with 20 workers.
 -> (artifact id: '7d9748f73f415a65b1a7b104baa50feb') in 0.015495 seconds
Number of updated asset objects reloaded before import = 0
Number of asset objects unloaded after import = 1
========================================================================
Received Import Request.
  Time since last request: 0.001919 seconds.
  path: Assets/Oculus/LipSync/Models/FemaleHead_Morph/Materials/hair.mat
  artifactKey: Guid(d0455a0ebc21e4c758037cb4b82bebd2) Importer(815301076,1909f56bfc062723c751e8b465ee728b)
Start importing Assets/Oculus/LipSync/Models/FemaleHead_Morph/Materials/hair.mat using Guid(d0455a0ebc21e4c758037cb4b82bebd2) Importer(815301076,1909f56bfc062723c751e8b465ee728b) [PhysX] Initialized MultithreadedTaskDispatcher with 20 workers.
[PhysX] Initialized MultithreadedTaskDispatcher with 20 workers.
 -> (artifact id: '55001af253c0c3a28cca75e8b565fed0') in 0.079119 seconds
Number of updated asset objects reloaded before import = 0
Number of asset objects unloaded after import = 2
========================================================================
Received Import Request.
  Time since last request: 1.797529 seconds.
  path: Assets/Resources/Materials/green_color.mat
  artifactKey: Guid(44157b4a2b2298c4883178f5eed6a417) Importer(815301076,1909f56bfc062723c751e8b465ee728b)
Start importing Assets/Resources/Materials/green_color.mat using Guid(44157b4a2b2298c4883178f5eed6a417) Importer(815301076,1909f56bfc062723c751e8b465ee728b) [PhysX] Initialized MultithreadedTaskDispatcher with 20 workers.
[PhysX] Initialized MultithreadedTaskDispatcher with 20 workers.
 -> (artifact id: '15346a98a51f19ee8e7464f809e7d6d9') in 0.013487 seconds
Number of updated asset objects reloaded before import = 0
Number of asset objects unloaded after import = 1
========================================================================
Received Import Request.
  Time since last request: 0.004241 seconds.
  path: Assets/Oculus/Spatializer/scenes/materials/Ground.mat
  artifactKey: Guid(e121bf11a9143914dbafa9e733415f2a) Importer(815301076,1909f56bfc062723c751e8b465ee728b)
Start importing Assets/Oculus/Spatializer/scenes/materials/Ground.mat using Guid(e121bf11a9143914dbafa9e733415f2a) Importer(815301076,1909f56bfc062723c751e8b465ee728b) [PhysX] Initialized MultithreadedTaskDispatcher with 20 workers.
[PhysX] Initialized MultithreadedTaskDispatcher with 20 workers.
 -> (artifact id: '0b1a457e2f42676be13f74eeaa723cad') in 0.014000 seconds
Number of updated asset objects reloaded before import = 0
Number of asset objects unloaded after import = 1
========================================================================
Received Import Request.
  Time since last request: 0.083302 seconds.
  path: Assets/3D Models/Mines/M16/Grass.mat
  artifactKey: Guid(da6956d051515224b94902a6f89dca4f) Importer(815301076,1909f56bfc062723c751e8b465ee728b)
Start importing Assets/3D Models/Mines/M16/Grass.mat using Guid(da6956d051515224b94902a6f89dca4f) Importer(815301076,1909f56bfc062723c751e8b465ee728b) [PhysX] Initialized MultithreadedTaskDispatcher with 20 workers.
[PhysX] Initialized MultithreadedTaskDispatcher with 20 workers.
 -> (artifact id: '7ff0a06a5b099db0d7f9ee057bde1a9e') in 0.013806 seconds
Number of updated asset objects reloaded before import = 0
Number of asset objects unloaded after import = 1
========================================================================
Received Import Request.
  Time since last request: 0.005442 seconds.
  path: Assets/Oculus/SampleFramework/Usage/SpatialAnchor/Materials/Green.mat
  artifactKey: Guid(2512827267cc0da4a90ecb92fd35043b) Importer(815301076,1909f56bfc062723c751e8b465ee728b)
Start importing Assets/Oculus/SampleFramework/Usage/SpatialAnchor/Materials/Green.mat using Guid(2512827267cc0da4a90ecb92fd35043b) Importer(815301076,1909f56bfc062723c751e8b465ee728b) [PhysX] Initialized MultithreadedTaskDispatcher with 20 workers.
[PhysX] Initialized MultithreadedTaskDispatcher with 20 workers.
 -> (artifact id: '44d268b94da12ea74dfecaa570edf6ef') in 0.016803 seconds
Number of updated asset objects reloaded before import = 0
Number of asset objects unloaded after import = 1
========================================================================
Received Import Request.
  Time since last request: 0.347073 seconds.
  path: Assets/Oculus/VR/Materials/gaze_cursor.mat
  artifactKey: Guid(7f31de375e167154aa45929466af30e4) Importer(815301076,1909f56bfc062723c751e8b465ee728b)
Start importing Assets/Oculus/VR/Materials/gaze_cursor.mat using Guid(7f31de375e167154aa45929466af30e4) Importer(815301076,1909f56bfc062723c751e8b465ee728b) [PhysX] Initialized MultithreadedTaskDispatcher with 20 workers.
[PhysX] Initialized MultithreadedTaskDispatcher with 20 workers.
 -> (artifact id: '4d478cddae721b4dcf7b0c912ed2c1cf') in 0.023705 seconds
Number of updated asset objects reloaded before import = 0
Number of asset objects unloaded after import = 2
========================================================================
Received Import Request.
  Time since last request: 0.000019 seconds.
  path: Assets/Oculus/Interaction/Runtime/Materials/GrabDebugSphere.mat
  artifactKey: Guid(f4b49debff9d269449879fc6f5991a83) Importer(815301076,1909f56bfc062723c751e8b465ee728b)
Start importing Assets/Oculus/Interaction/Runtime/Materials/GrabDebugSphere.mat using Guid(f4b49debff9d269449879fc6f5991a83) Importer(815301076,1909f56bfc062723c751e8b465ee728b) [PhysX] Initialized MultithreadedTaskDispatcher with 20 workers.
[PhysX] Initialized MultithreadedTaskDispatcher with 20 workers.
 -> (artifact id: 'caf8b185ad037fc48bb5ea6c7d7cbfbf') in 0.014611 seconds
Number of updated asset objects reloaded before import = 0
Number of asset objects unloaded after import = 1
========================================================================
Received Import Request.
  Time since last request: 0.067518 seconds.
  path: Assets/Oculus/Interaction/Samples/Objects/Environment/Screen/Materials/FrameMaterial.mat
  artifactKey: Guid(66ad1818cc27f3840b0350726d52fa3d) Importer(815301076,1909f56bfc062723c751e8b465ee728b)
Start importing Assets/Oculus/Interaction/Samples/Objects/Environment/Screen/Materials/FrameMaterial.mat using Guid(66ad1818cc27f3840b0350726d52fa3d) Importer(815301076,1909f56bfc062723c751e8b465ee728b) [PhysX] Initialized MultithreadedTaskDispatcher with 20 workers.
[PhysX] Initialized MultithreadedTaskDispatcher with 20 workers.
 -> (artifact id: '2939c2989933c25e62a9060c87735d06') in 0.023816 seconds
Number of updated asset objects reloaded before import = 0
Number of asset objects unloaded after import = 2
========================================================================
Received Import Request.
  Time since last request: 0.689523 seconds.
  path: Assets/MOUNTAIN_LAKE/Models/Stumps/Materials/Forest_stump_8_diffuse.mat
  artifactKey: Guid(1b8b1774289658a4c8685dc1e595f604) Importer(815301076,1909f56bfc062723c751e8b465ee728b)
Start importing Assets/MOUNTAIN_LAKE/Models/Stumps/Materials/Forest_stump_8_diffuse.mat using Guid(1b8b1774289658a4c8685dc1e595f604) Importer(815301076,1909f56bfc062723c751e8b465ee728b) [PhysX] Initialized MultithreadedTaskDispatcher with 20 workers.
[PhysX] Initialized MultithreadedTaskDispatcher with 20 workers.
 -> (artifact id: '200d4f11b3f49a0caccc0a15b9ae7a17') in 0.096898 seconds
Number of updated asset objects reloaded before import = 0
Number of asset objects unloaded after import = 4
========================================================================
Received Import Request.
  Time since last request: 0.045328 seconds.
  path: Assets/MOUNTAIN_LAKE/Models/Stones/Materials/Forest_stone_19_diffuse.mat
  artifactKey: Guid(b9b1098ae1eb8f1418cacda13ca4320d) Importer(815301076,1909f56bfc062723c751e8b465ee728b)
Start importing Assets/MOUNTAIN_LAKE/Models/Stones/Materials/Forest_stone_19_diffuse.mat using Guid(b9b1098ae1eb8f1418cacda13ca4320d) Importer(815301076,1909f56bfc062723c751e8b465ee728b) [PhysX] Initialized MultithreadedTaskDispatcher with 20 workers.
[PhysX] Initialized MultithreadedTaskDispatcher with 20 workers.
 -> (artifact id: 'e4b579f20590555e4ec0292235e8d8b1') in 0.112090 seconds
Number of updated asset objects reloaded before import = 0
Number of asset objects unloaded after import = 3
========================================================================
Received Import Request.
  Time since last request: 2.031703 seconds.
  path: Assets/MOUNTAIN_LAKE/Models/Stones/Materials/Forest_stone_13_diffuse.mat
  artifactKey: Guid(84ca42fc496f7cd4cbc4232e11a9c769) Importer(815301076,1909f56bfc062723c751e8b465ee728b)
Start importing Assets/MOUNTAIN_LAKE/Models/Stones/Materials/Forest_stone_13_diffuse.mat using Guid(84ca42fc496f7cd4cbc4232e11a9c769) Importer(815301076,1909f56bfc062723c751e8b465ee728b) [PhysX] Initialized MultithreadedTaskDispatcher with 20 workers.
[PhysX] Initialized MultithreadedTaskDispatcher with 20 workers.
 -> (artifact id: '9406f68096da46aa8e57ee376b573ff0') in 0.165384 seconds
Number of updated asset objects reloaded before import = 0
Number of asset objects unloaded after import = 4
========================================================================
Received Import Request.
  Time since last request: 0.000043 seconds.
  path: Assets/MOUNTAIN_LAKE/Models/Stones/Materials/Forest_stone_6_diffuse.mat
  artifactKey: Guid(4e08e30da990cab469cdee19627c37d0) Importer(815301076,1909f56bfc062723c751e8b465ee728b)
Start importing Assets/MOUNTAIN_LAKE/Models/Stones/Materials/Forest_stone_6_diffuse.mat using Guid(4e08e30da990cab469cdee19627c37d0) Importer(815301076,1909f56bfc062723c751e8b465ee728b) [PhysX] Initialized MultithreadedTaskDispatcher with 20 workers.
[PhysX] Initialized MultithreadedTaskDispatcher with 20 workers.
 -> (artifact id: '33de22acee5307bf6c36c06d33b162c2') in 0.190442 seconds
Number of updated asset objects reloaded before import = 0
Number of asset objects unloaded after import = 4
========================================================================
Received Import Request.
  Time since last request: 0.000049 seconds.
  path: Assets/MOUNTAIN_LAKE/Models/Stones/Materials/Forest_stone_11_diffuse.mat
  artifactKey: Guid(75fb6cf795315134b99552f18da93455) Importer(815301076,1909f56bfc062723c751e8b465ee728b)
Start importing Assets/MOUNTAIN_LAKE/Models/Stones/Materials/Forest_stone_11_diffuse.mat using Guid(75fb6cf795315134b99552f18da93455) Importer(815301076,1909f56bfc062723c751e8b465ee728b) [PhysX] Initialized MultithreadedTaskDispatcher with 20 workers.
[PhysX] Initialized MultithreadedTaskDispatcher with 20 workers.
 -> (artifact id: 'ed610f38746f6c0ed9ca0d58596d985c') in 0.197915 seconds
Number of updated asset objects reloaded before import = 0
Number of asset objects unloaded after import = 4
========================================================================
Received Import Request.
  Time since last request: 0.000023 seconds.
  path: Assets/3D Models/Starting_Space/Floor.mat
  artifactKey: Guid(6a95baa62c6271a438108fadade145f6) Importer(815301076,1909f56bfc062723c751e8b465ee728b)
Start importing Assets/3D Models/Starting_Space/Floor.mat using Guid(6a95baa62c6271a438108fadade145f6) Importer(815301076,1909f56bfc062723c751e8b465ee728b) [PhysX] Initialized MultithreadedTaskDispatcher with 20 workers.
[PhysX] Initialized MultithreadedTaskDispatcher with 20 workers.
 -> (artifact id: '5c8cfdf7b84f2ce46e952c3f48e7723a') in 0.199307 seconds
Number of updated asset objects reloaded before import = 0
Number of asset objects unloaded after import = 5
========================================================================
Received Import Request.
  Time since last request: 0.000025 seconds.
  path: Assets/MOUNTAIN_LAKE/Particle_effects/materials/Eagle.mat
  artifactKey: Guid(acc326c5d7bcaaf408016b81a5a7bc0e) Importer(815301076,1909f56bfc062723c751e8b465ee728b)
Start importing Assets/MOUNTAIN_LAKE/Particle_effects/materials/Eagle.mat using Guid(acc326c5d7bcaaf408016b81a5a7bc0e) Importer(815301076,1909f56bfc062723c751e8b465ee728b) [PhysX] Initialized MultithreadedTaskDispatcher with 20 workers.
[PhysX] Initialized MultithreadedTaskDispatcher with 20 workers.
 -> (artifact id: '43c6f73928ead46875b055634c536f7d') in 0.057677 seconds
Number of updated asset objects reloaded before import = 0
Number of asset objects unloaded after import = 2
========================================================================
Received Import Request.
  Time since last request: 0.000036 seconds.
  path: Assets/Oculus/SampleFramework/Usage/SceneManager/Materials/Fabric.mat
  artifactKey: Guid(aae5e920b8e06ca44af918d3f48f4ad5) Importer(815301076,1909f56bfc062723c751e8b465ee728b)
Start importing Assets/Oculus/SampleFramework/Usage/SceneManager/Materials/Fabric.mat using Guid(aae5e920b8e06ca44af918d3f48f4ad5) Importer(815301076,1909f56bfc062723c751e8b465ee728b) [PhysX] Initialized MultithreadedTaskDispatcher with 20 workers.
[PhysX] Initialized MultithreadedTaskDispatcher with 20 workers.
 -> (artifact id: 'a60da98ea38eaf59b5352b02f23874bd') in 0.022134 seconds
Number of updated asset objects reloaded before import = 0
Number of asset objects unloaded after import = 1
========================================================================
Received Import Request.
  Time since last request: 0.021715 seconds.
  path: Assets/Oculus/Interaction/Samples/Objects/Props/Doll/Materials/DollMat.mat
  artifactKey: Guid(b2d9cd483d439ec4aa919e5489cb12b9) Importer(815301076,1909f56bfc062723c751e8b465ee728b)
Start importing Assets/Oculus/Interaction/Samples/Objects/Props/Doll/Materials/DollMat.mat using Guid(b2d9cd483d439ec4aa919e5489cb12b9) Importer(815301076,1909f56bfc062723c751e8b465ee728b) [PhysX] Initialized MultithreadedTaskDispatcher with 20 workers.
[PhysX] Initialized MultithreadedTaskDispatcher with 20 workers.
 -> (artifact id: '7083abb0b6045f5be46aa8a9558950af') in 0.026041 seconds
Number of updated asset objects reloaded before import = 0
Number of asset objects unloaded after import = 2
========================================================================
Received Import Request.
  Time since last request: 0.000027 seconds.
  path: Assets/3D Models/Mines/M16/Dry soil.mat
  artifactKey: Guid(6aa2a3db69f806342a7d07dc62b7f3fe) Importer(815301076,1909f56bfc062723c751e8b465ee728b)
Start importing Assets/3D Models/Mines/M16/Dry soil.mat using Guid(6aa2a3db69f806342a7d07dc62b7f3fe) Importer(815301076,1909f56bfc062723c751e8b465ee728b) [PhysX] Initialized MultithreadedTaskDispatcher with 20 workers.
[PhysX] Initialized MultithreadedTaskDispatcher with 20 workers.
 -> (artifact id: '6f7a9e67032a07c15ba2d726cd70ab66') in 0.018727 seconds
Number of updated asset objects reloaded before import = 0
Number of asset objects unloaded after import = 1
========================================================================
Received Import Request.
  Time since last request: 0.203708 seconds.
  path: Assets/Skies/Desert Sky.mat
  artifactKey: Guid(770c3f45ef26eed4ca8d29fe96aaf66e) Importer(815301076,1909f56bfc062723c751e8b465ee728b)
Start importing Assets/Skies/Desert Sky.mat using Guid(770c3f45ef26eed4ca8d29fe96aaf66e) Importer(815301076,1909f56bfc062723c751e8b465ee728b) [PhysX] Initialized MultithreadedTaskDispatcher with 20 workers.
[PhysX] Initialized MultithreadedTaskDispatcher with 20 workers.
 -> (artifact id: '73bc15c3bbf999974f8e738fdbe68676') in 0.468113 seconds
Number of updated asset objects reloaded before import = 0
Number of asset objects unloaded after import = 2
========================================================================
Received Import Request.
  Time since last request: 3.383622 seconds.
  path: Assets/3D Models/NewMines/m16/Materials/Dark iron.mat
  artifactKey: Guid(36e02d995564a1d4b91afe0eb3d0c8da) Importer(815301076,1909f56bfc062723c751e8b465ee728b)
Start importing Assets/3D Models/NewMines/m16/Materials/Dark iron.mat using Guid(36e02d995564a1d4b91afe0eb3d0c8da) Importer(815301076,1909f56bfc062723c751e8b465ee728b) [PhysX] Initialized MultithreadedTaskDispatcher with 20 workers.
[PhysX] Initialized MultithreadedTaskDispatcher with 20 workers.
 -> (artifact id: '593177809c7a80a2f3a081b7dba35072') in 0.193503 seconds
Number of updated asset objects reloaded before import = 0
Number of asset objects unloaded after import = 3
========================================================================
Received Import Request.
  Time since last request: 0.000028 seconds.
  path: Assets/Oculus/Interaction/Samples/Objects/Props/Materials/CubeMaterialBlue.mat
  artifactKey: Guid(d4b438dc8ad501b49a2690e746518b8e) Importer(815301076,1909f56bfc062723c751e8b465ee728b)
Start importing Assets/Oculus/Interaction/Samples/Objects/Props/Materials/CubeMaterialBlue.mat using Guid(d4b438dc8ad501b49a2690e746518b8e) Importer(815301076,1909f56bfc062723c751e8b465ee728b) [PhysX] Initialized MultithreadedTaskDispatcher with 20 workers.
[PhysX] Initialized MultithreadedTaskDispatcher with 20 workers.
 -> (artifact id: '0d97561a30dc9140568b5bf66783d26c') in 0.055531 seconds
Number of updated asset objects reloaded before import = 0
Number of asset objects unloaded after import = 2
========================================================================
Received Import Request.
  Time since last request: 1.803828 seconds.
  path: Assets/3D Models/Starting_Space/Concrete.mat
  artifactKey: Guid(e2ed27a5d8173ea4d90a162083eecb52) Importer(815301076,1909f56bfc062723c751e8b465ee728b)
Start importing Assets/3D Models/Starting_Space/Concrete.mat using Guid(e2ed27a5d8173ea4d90a162083eecb52) Importer(815301076,1909f56bfc062723c751e8b465ee728b) [PhysX] Initialized MultithreadedTaskDispatcher with 20 workers.
[PhysX] Initialized MultithreadedTaskDispatcher with 20 workers.
 -> (artifact id: '7113996b7a2bfb436f2463b15123b83e') in 0.208000 seconds
Number of updated asset objects reloaded before import = 0
Number of asset objects unloaded after import = 5
========================================================================
Received Import Request.
  Time since last request: 5.385760 seconds.
  path: Assets/Oculus/Voice/Samples/Chess/Materials/ChessSkybox.mat
  artifactKey: Guid(3d39282ced021cb4c9a7a4e4250201a9) Importer(815301076,1909f56bfc062723c751e8b465ee728b)
Start importing Assets/Oculus/Voice/Samples/Chess/Materials/ChessSkybox.mat using Guid(3d39282ced021cb4c9a7a4e4250201a9) Importer(815301076,1909f56bfc062723c751e8b465ee728b) [PhysX] Initialized MultithreadedTaskDispatcher with 20 workers.
[PhysX] Initialized MultithreadedTaskDispatcher with 20 workers.
 -> (artifact id: 'c72b10ce43bf225d986ecf24eccae164') in 0.015678 seconds
Number of updated asset objects reloaded before import = 0
Number of asset objects unloaded after import = 1
========================================================================
Received Import Request.
  Time since last request: 0.001361 seconds.
  path: Assets/MOUNTAIN_LAKE/Particle_effects/materials/Clouds.mat
  artifactKey: Guid(243341f4271fc4f4d81bebdf5d45e288) Importer(815301076,1909f56bfc062723c751e8b465ee728b)
Start importing Assets/MOUNTAIN_LAKE/Particle_effects/materials/Clouds.mat using Guid(243341f4271fc4f4d81bebdf5d45e288) Importer(815301076,1909f56bfc062723c751e8b465ee728b) [PhysX] Initialized MultithreadedTaskDispatcher with 20 workers.
[PhysX] Initialized MultithreadedTaskDispatcher with 20 workers.
 -> (artifact id: '8f0d32a6770283f794786d52e60484e4') in 0.053068 seconds
Number of updated asset objects reloaded before import = 0
Number of asset objects unloaded after import = 2
========================================================================
Received Import Request.
  Time since last request: 0.103038 seconds.
  path: Assets/MilitaryProps/Materials/CamoNet.mat
  artifactKey: Guid(6b483dc55ab9b1445a63cdcbd377bceb) Importer(815301076,1909f56bfc062723c751e8b465ee728b)
Start importing Assets/MilitaryProps/Materials/CamoNet.mat using Guid(6b483dc55ab9b1445a63cdcbd377bceb) Importer(815301076,1909f56bfc062723c751e8b465ee728b) [PhysX] Initialized MultithreadedTaskDispatcher with 20 workers.
[PhysX] Initialized MultithreadedTaskDispatcher with 20 workers.
 -> (artifact id: '9e1db6b1558dea3cc622cdeba2c8030e') in 0.169621 seconds
Number of updated asset objects reloaded before import = 0
Number of asset objects unloaded after import = 4
========================================================================
Received Import Request.
  Time since last request: 0.227907 seconds.
  path: Assets/3D Models/NewMines/m16/Materials/Bronze metal.mat
  artifactKey: Guid(8932f01a6c33c244d828ef64c07eb166) Importer(815301076,1909f56bfc062723c751e8b465ee728b)
Start importing Assets/3D Models/NewMines/m16/Materials/Bronze metal.mat using Guid(8932f01a6c33c244d828ef64c07eb166) Importer(815301076,1909f56bfc062723c751e8b465ee728b) [PhysX] Initialized MultithreadedTaskDispatcher with 20 workers.
[PhysX] Initialized MultithreadedTaskDispatcher with 20 workers.
 -> (artifact id: '936d23ff6f39c7c7f92eb86faab370ba') in 0.109200 seconds
Number of updated asset objects reloaded before import = 0
Number of asset objects unloaded after import = 3
========================================================================
Received Import Request.
  Time since last request: 0.005313 seconds.
  path: Assets/MOUNTAIN_LAKE/Models/Trees/Materials/Broken_tree_4_diffuse.mat
  artifactKey: Guid(17bd5820eb676ea458dd6a83261aa459) Importer(815301076,1909f56bfc062723c751e8b465ee728b)
Start importing Assets/MOUNTAIN_LAKE/Models/Trees/Materials/Broken_tree_4_diffuse.mat using Guid(17bd5820eb676ea458dd6a83261aa459) Importer(815301076,1909f56bfc062723c751e8b465ee728b) [PhysX] Initialized MultithreadedTaskDispatcher with 20 workers.
[PhysX] Initialized MultithreadedTaskDispatcher with 20 workers.
 -> (artifact id: 'cee1c11064132512708650e7582a485d') in 0.204623 seconds
Number of updated asset objects reloaded before import = 0
Number of asset objects unloaded after import = 4
========================================================================
Received Import Request.
  Time since last request: 0.000106 seconds.
  path: Assets/MOUNTAIN_LAKE/Models/Trees/Materials/Broken_tree_8_diffuse.mat
  artifactKey: Guid(3a0fa71cbb33a6d46a091c7c5e524fe5) Importer(815301076,1909f56bfc062723c751e8b465ee728b)
Start importing Assets/MOUNTAIN_LAKE/Models/Trees/Materials/Broken_tree_8_diffuse.mat using Guid(3a0fa71cbb33a6d46a091c7c5e524fe5) Importer(815301076,1909f56bfc062723c751e8b465ee728b) [PhysX] Initialized MultithreadedTaskDispatcher with 20 workers.
[PhysX] Initialized MultithreadedTaskDispatcher with 20 workers.
 -> (artifact id: '364c80ac2a2039b853c667e2e5bedb70') in 0.166251 seconds
Number of updated asset objects reloaded before import = 0
Number of asset objects unloaded after import = 4
========================================================================
Received Import Request.
  Time since last request: 4.650239 seconds.
  path: Assets/3D Models/ClassRoom/box_00_material.001.mat
  artifactKey: Guid(e4eba78d49e52464091b92696128e9b2) Importer(815301076,1909f56bfc062723c751e8b465ee728b)
Start importing Assets/3D Models/ClassRoom/box_00_material.001.mat using Guid(e4eba78d49e52464091b92696128e9b2) Importer(815301076,1909f56bfc062723c751e8b465ee728b) [PhysX] Initialized MultithreadedTaskDispatcher with 20 workers.
[PhysX] Initialized MultithreadedTaskDispatcher with 20 workers.
 -> (artifact id: 'a64a25381b13dddb9d96497e81f77e60') in 0.103693 seconds
Number of updated asset objects reloaded before import = 0
Number of asset objects unloaded after import = 2
========================================================================
Received Import Request.
  Time since last request: 3.787544 seconds.
  path: Assets/Oculus/Interaction/Samples/Scenes/Tools/elevator 01.fbm/elevator 01.fbm/blinn1 1.mat
  artifactKey: Guid(05ea442fdc08b944ea3ec0640946d0d6) Importer(815301076,1909f56bfc062723c751e8b465ee728b)
Start importing Assets/Oculus/Interaction/Samples/Scenes/Tools/elevator 01.fbm/elevator 01.fbm/blinn1 1.mat using Guid(05ea442fdc08b944ea3ec0640946d0d6) Importer(815301076,1909f56bfc062723c751e8b465ee728b) [PhysX] Initialized MultithreadedTaskDispatcher with 20 workers.
[PhysX] Initialized MultithreadedTaskDispatcher with 20 workers.
 -> (artifact id: 'e04c42d7d46adf82aebd709124a58de6') in 0.007615 seconds
Number of updated asset objects reloaded before import = 0
Number of asset objects unloaded after import = 1
========================================================================
Received Import Request.
  Time since last request: 0.002941 seconds.
  path: Assets/Oculus/SampleFramework/Usage/SpatialAnchor/Materials/Blue.mat
  artifactKey: Guid(1b68ffca77c4c6344af03830dbeca2ca) Importer(815301076,1909f56bfc062723c751e8b465ee728b)
Start importing Assets/Oculus/SampleFramework/Usage/SpatialAnchor/Materials/Blue.mat using Guid(1b68ffca77c4c6344af03830dbeca2ca) Importer(815301076,1909f56bfc062723c751e8b465ee728b) [PhysX] Initialized MultithreadedTaskDispatcher with 20 workers.
[PhysX] Initialized MultithreadedTaskDispatcher with 20 workers.
 -> (artifact id: '1213396b6ac87597d6339fbc69ccadd8') in 0.012420 seconds
Number of updated asset objects reloaded before import = 0
Number of asset objects unloaded after import = 1
========================================================================
Received Prepare
Shader 'Oculus/OVRMRCameraFrameLit': fallback shader 'Alpha-Diffuse' not found
Refreshing native plugins compatible for Editor in 8.45 ms, found 9 plugins.
Preloading 2 native plugins for Editor in 0.18 ms.
Unloading 4 Unused Serialized files (Serialized files now loaded: 0)
Unloading 5 unused Assets / (335.5 KB). Loaded Objects now: 5706.
Memory consumption went from 128.4 MB to 128.0 MB.
Total: 5.620800 ms (FindLiveObjects: 0.409900 ms CreateObjectMapping: 0.298200 ms MarkObjects: 4.802200 ms  DeleteObjects: 0.109200 ms)

Prepare: number of updated asset objects reloaded= 0
AssetImportParameters requested are different than current active one (requested -> active):
  custom:container-demuxer-ogg: 62fdf1f143b41e24485cea50d1cbac27 -> 
  custom:video-decoder-ogg-theora: a1e56fd34408186e4bbccfd4996cb3dc -> 
  custom:framework-win-MediaFoundation: 216162199b28c13a410421893ffa2e32 -> 
  custom:CustomObjectIndexerAttribute: 9a22284fe3817be447336de3de66b15e -> 
  custom:container-demuxer-webm: 4f35f7cbe854078d1ac9338744f61a02 -> 
  custom:container-muxer-webm: aa71ff27fc2769a1b78a27578f13a17b -> 
  custom:video-decoder-webm-vp8: 9c59270c3fd7afecdb556c50c9e8de78 -> 
  custom:SearchIndexIgnoredProperties: e643bd26f0fe6173181afceb89e7c659 -> 
  custom:AudioImporter_EditorPlatform: d09bf68614088b80899f8185d706f6e7 -> 
  custom:video-encoder-webm-vp8: eb34c28f22e8b96e1ab97ce403110664 -> 
  custom:audio-decoder-ogg-vorbis: bf7c407c2cedff20999df2af8eb42d56 -> 
  custom:audio-encoder-webm-vorbis: bf7c407c2cedff20999df2af8eb42d56 -> 
Editor requested this worker to shutdown with reason: Scaling down because of idle timeout
TcpMessagingSession - receive error: operation aborted. errorcode: 995, details: The I/O operation has been aborted because of either a thread exit or an application request.
AssetImportWorker is now disconnected from the server
Process exiting
Exiting without the bug reporter. Application will terminate with return code 0